[2021-05-19 13:53:58] local.ERROR: Target class [SpaController] does not exist. {"exception":"[object] (Illuminate\\Contracts\\Container\\BindingResolutionException(code: 0): Target class [SpaController] does not exist. at C:\\Projects\\lara_dealer\\vendor\\laravel\\framework\\src\\Illuminate\\Container\\Container.php:832)
[stacktrace]
#0 C:\\Projects\\lara_dealer\\vendor\\laravel\\framework\\src\\Illuminate\\Container\\Container.php(712): Illuminate\\Container\\Container->build()
#1 C:\\Projects\\lara_dealer\\vendor\\laravel\\framework\\src\\Illuminate\\Foundation\\Application.php(841): Illuminate\\Container\\Container->resolve()
#2 C:\\Projects\\lara_dealer\\vendor\\laravel\\framework\\src\\Illuminate\\Container\\Container.php(651): Illuminate\\Foundation\\Application->resolve()
#3 C:\\Projects\\lara_dealer\\vendor\\laravel\\framework\\src\\Illuminate\\Foundation\\Application.php(826): Illuminate\\Container\\Container->make()
#4 C:\\Projects\\lara_dealer\\vendor\\laravel\\framework\\src\\Illuminate\\Routing\\Route.php(268): Illuminate\\Foundation\\Application->make()
#5 C:\\Projects\\lara_dealer\\vendor\\laravel\\framework\\src\\Illuminate\\Routing\\Route.php(1019): Illuminate\\Routing\\Route->getController()
#6 C:\\Projects\\lara_dealer\\vendor\\laravel\\framework\\src\\Illuminate\\Routing\\Route.php(980): Illuminate\\Routing\\Route->controllerMiddleware()
#7 C:\\Projects\\lara_dealer\\vendor\\laravel\\framework\\src\\Illuminate\\Routing\\Router.php(710): Illuminate\\Routing\\Route->gatherMiddleware()
#8 C:\\Projects\\lara_dealer\\vendor\\laravel\\framework\\src\\Illuminate\\Routing\\Router.php(686): Illuminate\\Routing\\Router->gatherRouteMiddleware()
#9 C:\\Projects\\lara_dealer\\vendor\\laravel\\framework\\src\\Illuminate\\Routing\\Router.php(670): Illuminate\\Routing\\Router->runRouteWithinStack()
#10 C:\\Projects\\lara_dealer\\vendor\\laravel\\framework\\src\\Illuminate\\Routing\\Router.php(636): Illuminate\\Routing\\Router->runRoute()
#11 C:\\Projects\\lara_dealer\\vendor\\laravel\\framework\\src\\Illuminate\\Routing\\Router.php(625): Illuminate\\Routing\\Router->dispatchToRoute()
#12 C:\\Projects\\lara_dealer\\vendor\\laravel\\framework\\src\\Illuminate\\Foundation\\Http\\Kernel.php(166): Illuminate\\Routing\\Router->dispatch()
#13 C:\\Projects\\lara_dealer\\vendor\\laravel\\framework\\src\\Illuminate\\Pipeline\\Pipeline.php(128): Illuminate\\Foundation\\Http\\Kernel->Illuminate\\Foundation\\Http\\{closure}()
#14 C:\\Projects\\lara_dealer\\app\\Http\\Middleware\\Cors.php(18): Illuminate\\Pipeline\\Pipeline->Illuminate\\Pipeline\\{closure}()
#15 C:\\Projects\\lara_dealer\\vendor\\laravel\\framework\\src\\Illuminate\\Pipeline\\Pipeline.php(167): App\\Http\\Middleware\\Cors->handle()
#16 C:\\Projects\\lara_dealer\\vendor\\laravel\\framework\\src\\Illuminate\\Foundation\\Http\\Middleware\\TransformsRequest.php(21): Illuminate\\Pipeline\\Pipeline->Illuminate\\Pipeline\\{closure}()
#17 C:\\Projects\\lara_dealer\\vendor\\laravel\\framework\\src\\Illuminate\\Pipeline\\Pipeline.php(167): Illuminate\\Foundation\\Http\\Middleware\\TransformsRequest->handle()
#18 C:\\Projects\\lara_dealer\\vendor\\laravel\\framework\\src\\Illuminate\\Foundation\\Http\\Middleware\\TransformsRequest.php(21): Illuminate\\Pipeline\\Pipeline->Illuminate\\Pipeline\\{closure}()
#19 C:\\Projects\\lara_dealer\\vendor\\laravel\\framework\\src\\Illuminate\\Pipeline\\Pipeline.php(167): Illuminate\\Foundation\\Http\\Middleware\\TransformsRequest->handle()
#20 C:\\Projects\\lara_dealer\\vendor\\laravel\\framework\\src\\Illuminate\\Foundation\\Http\\Middleware\\ValidatePostSize.php(27): Illuminate\\Pipeline\\Pipeline->Illuminate\\Pipeline\\{closure}()
#21 C:\\Projects\\lara_dealer\\vendor\\laravel\\framework\\src\\Illuminate\\Pipeline\\Pipeline.php(167): Illuminate\\Foundation\\Http\\Middleware\\ValidatePostSize->handle()
#22 C:\\Projects\\lara_dealer\\vendor\\laravel\\framework\\src\\Illuminate\\Foundation\\Http\\Middleware\\PreventRequestsDuringMaintenance.php(86): Illuminate\\Pipeline\\Pipeline->Illuminate\\Pipeline\\{closure}()
#23 C:\\Projects\\lara_dealer\\vendor\\laravel\\framework\\src\\Illuminate\\Pipeline\\Pipeline.php(167): Illuminate\\Foundation\\Http\\Middleware\\PreventRequestsDuringMaintenance->handle()
#24 C:\\Projects\\lara_dealer\\vendor\\fideloper\\proxy\\src\\TrustProxies.php(57): Illuminate\\Pipeline\\Pipeline->Illuminate\\Pipeline\\{closure}()
#25 C:\\Projects\\lara_dealer\\vendor\\laravel\\framework\\src\\Illuminate\\Pipeline\\Pipeline.php(167): Fideloper\\Proxy\\TrustProxies->handle()
#26 C:\\Projects\\lara_dealer\\vendor\\laravel\\framework\\src\\Illuminate\\Pipeline\\Pipeline.php(103): Illuminate\\Pipeline\\Pipeline->Illuminate\\Pipeline\\{closure}()
#27 C:\\Projects\\lara_dealer\\vendor\\laravel\\framework\\src\\Illuminate\\Foundation\\Http\\Kernel.php(141): Illuminate\\Pipeline\\Pipeline->then()
#28 C:\\Projects\\lara_dealer\\vendor\\laravel\\framework\\src\\Illuminate\\Foundation\\Http\\Kernel.php(110): Illuminate\\Foundation\\Http\\Kernel->sendRequestThroughRouter()
#29 C:\\Projects\\lara_dealer\\public\\index.php(52): Illuminate\\Foundation\\Http\\Kernel->handle()
#30 C:\\Projects\\lara_dealer\\server.php(21): require_once('C:\\\\Projects\\\\lar...')
#31 {main}

[previous exception] [object] (ReflectionException(code: -1): Class SpaController does not exist at C:\\Projects\\lara_dealer\\vendor\\laravel\\framework\\src\\Illuminate\\Container\\Container.php:830)
[stacktrace]
#0 C:\\Projects\\lara_dealer\\vendor\\laravel\\framework\\src\\Illuminate\\Container\\Container.php(830): ReflectionClass->__construct()
#1 C:\\Projects\\lara_dealer\\vendor\\laravel\\framework\\src\\Illuminate\\Container\\Container.php(712): Illuminate\\Container\\Container->build()
#2 C:\\Projects\\lara_dealer\\vendor\\laravel\\framework\\src\\Illuminate\\Foundation\\Application.php(841): Illuminate\\Container\\Container->resolve()
#3 C:\\Projects\\lara_dealer\\vendor\\laravel\\framework\\src\\Illuminate\\Container\\Container.php(651): Illuminate\\Foundation\\Application->resolve()
#4 C:\\Projects\\lara_dealer\\vendor\\laravel\\framework\\src\\Illuminate\\Foundation\\Application.php(826): Illuminate\\Container\\Container->make()
#5 C:\\Projects\\lara_dealer\\vendor\\laravel\\framework\\src\\Illuminate\\Routing\\Route.php(268): Illuminate\\Foundation\\Application->make()
#6 C:\\Projects\\lara_dealer\\vendor\\laravel\\framework\\src\\Illuminate\\Routing\\Route.php(1019): Illuminate\\Routing\\Route->getController()
#7 C:\\Projects\\lara_dealer\\vendor\\laravel\\framework\\src\\Illuminate\\Routing\\Route.php(980): Illuminate\\Routing\\Route->controllerMiddleware()
#8 C:\\Projects\\lara_dealer\\vendor\\laravel\\framework\\src\\Illuminate\\Routing\\Router.php(710): Illuminate\\Routing\\Route->gatherMiddleware()
#9 C:\\Projects\\lara_dealer\\vendor\\laravel\\framework\\src\\Illuminate\\Routing\\Router.php(686): Illuminate\\Routing\\Router->gatherRouteMiddleware()
#10 C:\\Projects\\lara_dealer\\vendor\\laravel\\framework\\src\\Illuminate\\Routing\\Router.php(670): Illuminate\\Routing\\Router->runRouteWithinStack()
#11 C:\\Projects\\lara_dealer\\vendor\\laravel\\framework\\src\\Illuminate\\Routing\\Router.php(636): Illuminate\\Routing\\Router->runRoute()
#12 C:\\Projects\\lara_dealer\\vendor\\laravel\\framework\\src\\Illuminate\\Routing\\Router.php(625): Illuminate\\Routing\\Router->dispatchToRoute()
#13 C:\\Projects\\lara_dealer\\vendor\\laravel\\framework\\src\\Illuminate\\Foundation\\Http\\Kernel.php(166): Illuminate\\Routing\\Router->dispatch()
#14 C:\\Projects\\lara_dealer\\vendor\\laravel\\framework\\src\\Illuminate\\Pipeline\\Pipeline.php(128): Illuminate\\Foundation\\Http\\Kernel->Illuminate\\Foundation\\Http\\{closure}()
#15 C:\\Projects\\lara_dealer\\app\\Http\\Middleware\\Cors.php(18): Illuminate\\Pipeline\\Pipeline->Illuminate\\Pipeline\\{closure}()
#16 C:\\Projects\\lara_dealer\\vendor\\laravel\\framework\\src\\Illuminate\\Pipeline\\Pipeline.php(167): App\\Http\\Middleware\\Cors->handle()
#17 C:\\Projects\\lara_dealer\\vendor\\laravel\\framework\\src\\Illuminate\\Foundation\\Http\\Middleware\\TransformsRequest.php(21): Illuminate\\Pipeline\\Pipeline->Illuminate\\Pipeline\\{closure}()
#18 C:\\Projects\\lara_dealer\\vendor\\laravel\\framework\\src\\Illuminate\\Pipeline\\Pipeline.php(167): Illuminate\\Foundation\\Http\\Middleware\\TransformsRequest->handle()
#19 C:\\Projects\\lara_dealer\\vendor\\laravel\\framework\\src\\Illuminate\\Foundation\\Http\\Middleware\\TransformsRequest.php(21): Illuminate\\Pipeline\\Pipeline->Illuminate\\Pipeline\\{closure}()
#20 C:\\Projects\\lara_dealer\\vendor\\laravel\\framework\\src\\Illuminate\\Pipeline\\Pipeline.php(167): Illuminate\\Foundation\\Http\\Middleware\\TransformsRequest->handle()
#21 C:\\Projects\\lara_dealer\\vendor\\laravel\\framework\\src\\Illuminate\\Foundation\\Http\\Middleware\\ValidatePostSize.php(27): Illuminate\\Pipeline\\Pipeline->Illuminate\\Pipeline\\{closure}()
#22 C:\\Projects\\lara_dealer\\vendor\\laravel\\framework\\src\\Illuminate\\Pipeline\\Pipeline.php(167): Illuminate\\Foundation\\Http\\Middleware\\ValidatePostSize->handle()
#23 C:\\Projects\\lara_dealer\\vendor\\laravel\\framework\\src\\Illuminate\\Foundation\\Http\\Middleware\\PreventRequestsDuringMaintenance.php(86): Illuminate\\Pipeline\\Pipeline->Illuminate\\Pipeline\\{closure}()
#24 C:\\Projects\\lara_dealer\\vendor\\laravel\\framework\\src\\Illuminate\\Pipeline\\Pipeline.php(167): Illuminate\\Foundation\\Http\\Middleware\\PreventRequestsDuringMaintenance->handle()
#25 C:\\Projects\\lara_dealer\\vendor\\fideloper\\proxy\\src\\TrustProxies.php(57): Illuminate\\Pipeline\\Pipeline->Illuminate\\Pipeline\\{closure}()
#26 C:\\Projects\\lara_dealer\\vendor\\laravel\\framework\\src\\Illuminate\\Pipeline\\Pipeline.php(167): Fideloper\\Proxy\\TrustProxies->handle()
#27 C:\\Projects\\lara_dealer\\vendor\\laravel\\framework\\src\\Illuminate\\Pipeline\\Pipeline.php(103): Illuminate\\Pipeline\\Pipeline->Illuminate\\Pipeline\\{closure}()
#28 C:\\Projects\\lara_dealer\\vendor\\laravel\\framework\\src\\Illuminate\\Foundation\\Http\\Kernel.php(141): Illuminate\\Pipeline\\Pipeline->then()
#29 C:\\Projects\\lara_dealer\\vendor\\laravel\\framework\\src\\Illuminate\\Foundation\\Http\\Kernel.php(110): Illuminate\\Foundation\\Http\\Kernel->sendRequestThroughRouter()
#30 C:\\Projects\\lara_dealer\\public\\index.php(52): Illuminate\\Foundation\\Http\\Kernel->handle()
#31 C:\\Projects\\lara_dealer\\server.php(21): require_once('C:\\\\Projects\\\\lar...')
#32 {main}
"} 
[2021-05-19 13:59:42] local.ERROR: Call to undefined method Illuminate\Database\Query\Builder::lists() {"exception":"[object] (BadMethodCallException(code: 0): Call to undefined method Illuminate\\Database\\Query\\Builder::lists() at C:\\Projects\\lara_dealer\\vendor\\laravel\\framework\\src\\Illuminate\\Support\\Traits\\ForwardsCalls.php:50)
[stacktrace]
#0 C:\\Projects\\lara_dealer\\vendor\\laravel\\framework\\src\\Illuminate\\Database\\Query\\Builder.php(3339): Illuminate\\Database\\Query\\Builder::throwBadMethodCallException()
#1 C:\\Projects\\lara_dealer\\app\\Http\\Controllers\\SyncController.php(43): Illuminate\\Database\\Query\\Builder->__call()
#2 C:\\Projects\\lara_dealer\\app\\Http\\Controllers\\SyncController.php(29): App\\Http\\Controllers\\SyncController::syncCategoriesWithOldDealer()
#3 C:\\Projects\\lara_dealer\\vendor\\laravel\\framework\\src\\Illuminate\\Routing\\Controller.php(54): App\\Http\\Controllers\\SyncController::syncWithOldDealer()
#4 C:\\Projects\\lara_dealer\\vendor\\laravel\\framework\\src\\Illuminate\\Routing\\ControllerDispatcher.php(45): Illuminate\\Routing\\Controller->callAction()
#5 C:\\Projects\\lara_dealer\\vendor\\laravel\\framework\\src\\Illuminate\\Routing\\Route.php(254): Illuminate\\Routing\\ControllerDispatcher->dispatch()
#6 C:\\Projects\\lara_dealer\\vendor\\laravel\\framework\\src\\Illuminate\\Routing\\Route.php(197): Illuminate\\Routing\\Route->runController()
#7 C:\\Projects\\lara_dealer\\vendor\\laravel\\framework\\src\\Illuminate\\Routing\\Router.php(693): Illuminate\\Routing\\Route->run()
#8 C:\\Projects\\lara_dealer\\vendor\\laravel\\framework\\src\\Illuminate\\Pipeline\\Pipeline.php(128): Illuminate\\Routing\\Router->Illuminate\\Routing\\{closure}()
#9 C:\\Projects\\lara_dealer\\vendor\\laravel\\framework\\src\\Illuminate\\Routing\\Middleware\\SubstituteBindings.php(50): Illuminate\\Pipeline\\Pipeline->Illuminate\\Pipeline\\{closure}()
#10 C:\\Projects\\lara_dealer\\vendor\\laravel\\framework\\src\\Illuminate\\Pipeline\\Pipeline.php(167): Illuminate\\Routing\\Middleware\\SubstituteBindings->handle()
#11 C:\\Projects\\lara_dealer\\vendor\\laravel\\framework\\src\\Illuminate\\Routing\\Middleware\\ThrottleRequests.php(127): Illuminate\\Pipeline\\Pipeline->Illuminate\\Pipeline\\{closure}()
#12 C:\\Projects\\lara_dealer\\vendor\\laravel\\framework\\src\\Illuminate\\Routing\\Middleware\\ThrottleRequests.php(63): Illuminate\\Routing\\Middleware\\ThrottleRequests->handleRequest()
#13 C:\\Projects\\lara_dealer\\vendor\\laravel\\framework\\src\\Illuminate\\Pipeline\\Pipeline.php(167): Illuminate\\Routing\\Middleware\\ThrottleRequests->handle()
#14 C:\\Projects\\lara_dealer\\vendor\\laravel\\framework\\src\\Illuminate\\Pipeline\\Pipeline.php(103): Illuminate\\Pipeline\\Pipeline->Illuminate\\Pipeline\\{closure}()
#15 C:\\Projects\\lara_dealer\\vendor\\laravel\\framework\\src\\Illuminate\\Routing\\Router.php(695): Illuminate\\Pipeline\\Pipeline->then()
#16 C:\\Projects\\lara_dealer\\vendor\\laravel\\framework\\src\\Illuminate\\Routing\\Router.php(670): Illuminate\\Routing\\Router->runRouteWithinStack()
#17 C:\\Projects\\lara_dealer\\vendor\\laravel\\framework\\src\\Illuminate\\Routing\\Router.php(636): Illuminate\\Routing\\Router->runRoute()
#18 C:\\Projects\\lara_dealer\\vendor\\laravel\\framework\\src\\Illuminate\\Routing\\Router.php(625): Illuminate\\Routing\\Router->dispatchToRoute()
#19 C:\\Projects\\lara_dealer\\vendor\\laravel\\framework\\src\\Illuminate\\Foundation\\Http\\Kernel.php(166): Illuminate\\Routing\\Router->dispatch()
#20 C:\\Projects\\lara_dealer\\vendor\\laravel\\framework\\src\\Illuminate\\Pipeline\\Pipeline.php(128): Illuminate\\Foundation\\Http\\Kernel->Illuminate\\Foundation\\Http\\{closure}()
#21 C:\\Projects\\lara_dealer\\app\\Http\\Middleware\\Cors.php(18): Illuminate\\Pipeline\\Pipeline->Illuminate\\Pipeline\\{closure}()
#22 C:\\Projects\\lara_dealer\\vendor\\laravel\\framework\\src\\Illuminate\\Pipeline\\Pipeline.php(167): App\\Http\\Middleware\\Cors->handle()
#23 C:\\Projects\\lara_dealer\\vendor\\laravel\\framework\\src\\Illuminate\\Foundation\\Http\\Middleware\\TransformsRequest.php(21): Illuminate\\Pipeline\\Pipeline->Illuminate\\Pipeline\\{closure}()
#24 C:\\Projects\\lara_dealer\\vendor\\laravel\\framework\\src\\Illuminate\\Pipeline\\Pipeline.php(167): Illuminate\\Foundation\\Http\\Middleware\\TransformsRequest->handle()
#25 C:\\Projects\\lara_dealer\\vendor\\laravel\\framework\\src\\Illuminate\\Foundation\\Http\\Middleware\\TransformsRequest.php(21): Illuminate\\Pipeline\\Pipeline->Illuminate\\Pipeline\\{closure}()
#26 C:\\Projects\\lara_dealer\\vendor\\laravel\\framework\\src\\Illuminate\\Pipeline\\Pipeline.php(167): Illuminate\\Foundation\\Http\\Middleware\\TransformsRequest->handle()
#27 C:\\Projects\\lara_dealer\\vendor\\laravel\\framework\\src\\Illuminate\\Foundation\\Http\\Middleware\\ValidatePostSize.php(27): Illuminate\\Pipeline\\Pipeline->Illuminate\\Pipeline\\{closure}()
#28 C:\\Projects\\lara_dealer\\vendor\\laravel\\framework\\src\\Illuminate\\Pipeline\\Pipeline.php(167): Illuminate\\Foundation\\Http\\Middleware\\ValidatePostSize->handle()
#29 C:\\Projects\\lara_dealer\\vendor\\laravel\\framework\\src\\Illuminate\\Foundation\\Http\\Middleware\\PreventRequestsDuringMaintenance.php(86): Illuminate\\Pipeline\\Pipeline->Illuminate\\Pipeline\\{closure}()
#30 C:\\Projects\\lara_dealer\\vendor\\laravel\\framework\\src\\Illuminate\\Pipeline\\Pipeline.php(167): Illuminate\\Foundation\\Http\\Middleware\\PreventRequestsDuringMaintenance->handle()
#31 C:\\Projects\\lara_dealer\\vendor\\fideloper\\proxy\\src\\TrustProxies.php(57): Illuminate\\Pipeline\\Pipeline->Illuminate\\Pipeline\\{closure}()
#32 C:\\Projects\\lara_dealer\\vendor\\laravel\\framework\\src\\Illuminate\\Pipeline\\Pipeline.php(167): Fideloper\\Proxy\\TrustProxies->handle()
#33 C:\\Projects\\lara_dealer\\vendor\\laravel\\framework\\src\\Illuminate\\Pipeline\\Pipeline.php(103): Illuminate\\Pipeline\\Pipeline->Illuminate\\Pipeline\\{closure}()
#34 C:\\Projects\\lara_dealer\\vendor\\laravel\\framework\\src\\Illuminate\\Foundation\\Http\\Kernel.php(141): Illuminate\\Pipeline\\Pipeline->then()
#35 C:\\Projects\\lara_dealer\\vendor\\laravel\\framework\\src\\Illuminate\\Foundation\\Http\\Kernel.php(110): Illuminate\\Foundation\\Http\\Kernel->sendRequestThroughRouter()
#36 C:\\Projects\\lara_dealer\\public\\index.php(52): Illuminate\\Foundation\\Http\\Kernel->handle()
#37 C:\\Projects\\lara_dealer\\server.php(21): require_once('C:\\\\Projects\\\\lar...')
#38 {main}
"} 
[2021-05-19 14:07:33] local.ERROR: array_column() expects parameter 1 to be array, object given {"exception":"[object] (ErrorException(code: 0): array_column() expects parameter 1 to be array, object given at C:\\Projects\\lara_dealer\\app\\Http\\Controllers\\SyncController.php:43)
[stacktrace]
#0 [internal function]: Illuminate\\Foundation\\Bootstrap\\HandleExceptions->handleError()
#1 C:\\Projects\\lara_dealer\\app\\Http\\Controllers\\SyncController.php(43): array_column()
#2 C:\\Projects\\lara_dealer\\app\\Http\\Controllers\\SyncController.php(29): App\\Http\\Controllers\\SyncController::syncCategoriesWithOldDealer()
#3 C:\\Projects\\lara_dealer\\vendor\\laravel\\framework\\src\\Illuminate\\Routing\\Controller.php(54): App\\Http\\Controllers\\SyncController::syncWithOldDealer()
#4 C:\\Projects\\lara_dealer\\vendor\\laravel\\framework\\src\\Illuminate\\Routing\\ControllerDispatcher.php(45): Illuminate\\Routing\\Controller->callAction()
#5 C:\\Projects\\lara_dealer\\vendor\\laravel\\framework\\src\\Illuminate\\Routing\\Route.php(254): Illuminate\\Routing\\ControllerDispatcher->dispatch()
#6 C:\\Projects\\lara_dealer\\vendor\\laravel\\framework\\src\\Illuminate\\Routing\\Route.php(197): Illuminate\\Routing\\Route->runController()
#7 C:\\Projects\\lara_dealer\\vendor\\laravel\\framework\\src\\Illuminate\\Routing\\Router.php(693): Illuminate\\Routing\\Route->run()
#8 C:\\Projects\\lara_dealer\\vendor\\laravel\\framework\\src\\Illuminate\\Pipeline\\Pipeline.php(128): Illuminate\\Routing\\Router->Illuminate\\Routing\\{closure}()
#9 C:\\Projects\\lara_dealer\\vendor\\laravel\\framework\\src\\Illuminate\\Routing\\Middleware\\SubstituteBindings.php(50): Illuminate\\Pipeline\\Pipeline->Illuminate\\Pipeline\\{closure}()
#10 C:\\Projects\\lara_dealer\\vendor\\laravel\\framework\\src\\Illuminate\\Pipeline\\Pipeline.php(167): Illuminate\\Routing\\Middleware\\SubstituteBindings->handle()
#11 C:\\Projects\\lara_dealer\\vendor\\laravel\\framework\\src\\Illuminate\\Routing\\Middleware\\ThrottleRequests.php(127): Illuminate\\Pipeline\\Pipeline->Illuminate\\Pipeline\\{closure}()
#12 C:\\Projects\\lara_dealer\\vendor\\laravel\\framework\\src\\Illuminate\\Routing\\Middleware\\ThrottleRequests.php(63): Illuminate\\Routing\\Middleware\\ThrottleRequests->handleRequest()
#13 C:\\Projects\\lara_dealer\\vendor\\laravel\\framework\\src\\Illuminate\\Pipeline\\Pipeline.php(167): Illuminate\\Routing\\Middleware\\ThrottleRequests->handle()
#14 C:\\Projects\\lara_dealer\\vendor\\laravel\\framework\\src\\Illuminate\\Pipeline\\Pipeline.php(103): Illuminate\\Pipeline\\Pipeline->Illuminate\\Pipeline\\{closure}()
#15 C:\\Projects\\lara_dealer\\vendor\\laravel\\framework\\src\\Illuminate\\Routing\\Router.php(695): Illuminate\\Pipeline\\Pipeline->then()
#16 C:\\Projects\\lara_dealer\\vendor\\laravel\\framework\\src\\Illuminate\\Routing\\Router.php(670): Illuminate\\Routing\\Router->runRouteWithinStack()
#17 C:\\Projects\\lara_dealer\\vendor\\laravel\\framework\\src\\Illuminate\\Routing\\Router.php(636): Illuminate\\Routing\\Router->runRoute()
#18 C:\\Projects\\lara_dealer\\vendor\\laravel\\framework\\src\\Illuminate\\Routing\\Router.php(625): Illuminate\\Routing\\Router->dispatchToRoute()
#19 C:\\Projects\\lara_dealer\\vendor\\laravel\\framework\\src\\Illuminate\\Foundation\\Http\\Kernel.php(166): Illuminate\\Routing\\Router->dispatch()
#20 C:\\Projects\\lara_dealer\\vendor\\laravel\\framework\\src\\Illuminate\\Pipeline\\Pipeline.php(128): Illuminate\\Foundation\\Http\\Kernel->Illuminate\\Foundation\\Http\\{closure}()
#21 C:\\Projects\\lara_dealer\\app\\Http\\Middleware\\Cors.php(18): Illuminate\\Pipeline\\Pipeline->Illuminate\\Pipeline\\{closure}()
#22 C:\\Projects\\lara_dealer\\vendor\\laravel\\framework\\src\\Illuminate\\Pipeline\\Pipeline.php(167): App\\Http\\Middleware\\Cors->handle()
#23 C:\\Projects\\lara_dealer\\vendor\\laravel\\framework\\src\\Illuminate\\Foundation\\Http\\Middleware\\TransformsRequest.php(21): Illuminate\\Pipeline\\Pipeline->Illuminate\\Pipeline\\{closure}()
#24 C:\\Projects\\lara_dealer\\vendor\\laravel\\framework\\src\\Illuminate\\Pipeline\\Pipeline.php(167): Illuminate\\Foundation\\Http\\Middleware\\TransformsRequest->handle()
#25 C:\\Projects\\lara_dealer\\vendor\\laravel\\framework\\src\\Illuminate\\Foundation\\Http\\Middleware\\TransformsRequest.php(21): Illuminate\\Pipeline\\Pipeline->Illuminate\\Pipeline\\{closure}()
#26 C:\\Projects\\lara_dealer\\vendor\\laravel\\framework\\src\\Illuminate\\Pipeline\\Pipeline.php(167): Illuminate\\Foundation\\Http\\Middleware\\TransformsRequest->handle()
#27 C:\\Projects\\lara_dealer\\vendor\\laravel\\framework\\src\\Illuminate\\Foundation\\Http\\Middleware\\ValidatePostSize.php(27): Illuminate\\Pipeline\\Pipeline->Illuminate\\Pipeline\\{closure}()
#28 C:\\Projects\\lara_dealer\\vendor\\laravel\\framework\\src\\Illuminate\\Pipeline\\Pipeline.php(167): Illuminate\\Foundation\\Http\\Middleware\\ValidatePostSize->handle()
#29 C:\\Projects\\lara_dealer\\vendor\\laravel\\framework\\src\\Illuminate\\Foundation\\Http\\Middleware\\PreventRequestsDuringMaintenance.php(86): Illuminate\\Pipeline\\Pipeline->Illuminate\\Pipeline\\{closure}()
#30 C:\\Projects\\lara_dealer\\vendor\\laravel\\framework\\src\\Illuminate\\Pipeline\\Pipeline.php(167): Illuminate\\Foundation\\Http\\Middleware\\PreventRequestsDuringMaintenance->handle()
#31 C:\\Projects\\lara_dealer\\vendor\\fideloper\\proxy\\src\\TrustProxies.php(57): Illuminate\\Pipeline\\Pipeline->Illuminate\\Pipeline\\{closure}()
#32 C:\\Projects\\lara_dealer\\vendor\\laravel\\framework\\src\\Illuminate\\Pipeline\\Pipeline.php(167): Fideloper\\Proxy\\TrustProxies->handle()
#33 C:\\Projects\\lara_dealer\\vendor\\laravel\\framework\\src\\Illuminate\\Pipeline\\Pipeline.php(103): Illuminate\\Pipeline\\Pipeline->Illuminate\\Pipeline\\{closure}()
#34 C:\\Projects\\lara_dealer\\vendor\\laravel\\framework\\src\\Illuminate\\Foundation\\Http\\Kernel.php(141): Illuminate\\Pipeline\\Pipeline->then()
#35 C:\\Projects\\lara_dealer\\vendor\\laravel\\framework\\src\\Illuminate\\Foundation\\Http\\Kernel.php(110): Illuminate\\Foundation\\Http\\Kernel->sendRequestThroughRouter()
#36 C:\\Projects\\lara_dealer\\public\\index.php(52): Illuminate\\Foundation\\Http\\Kernel->handle()
#37 C:\\Projects\\lara_dealer\\server.php(21): require_once('C:\\\\Projects\\\\lar...')
#38 {main}
"} 
[2021-05-19 14:12:36] local.ERROR: syntax error, unexpected ''external_id'' (T_CONSTANT_ENCAPSED_STRING), expecting ')' {"exception":"[object] (ParseError(code: 0): syntax error, unexpected ''external_id'' (T_CONSTANT_ENCAPSED_STRING), expecting ')' at C:\\Projects\\lara_dealer\\app\\Http\\Controllers\\SyncController.php:42)
[stacktrace]
#0 C:\\Projects\\lara_dealer\\vendor\\composer\\ClassLoader.php(346): Composer\\Autoload\\includeFile()
#1 [internal function]: Composer\\Autoload\\ClassLoader->loadClass()
#2 [internal function]: spl_autoload_call()
#3 C:\\Projects\\lara_dealer\\vendor\\laravel\\framework\\src\\Illuminate\\Container\\Container.php(830): ReflectionClass->__construct()
#4 C:\\Projects\\lara_dealer\\vendor\\laravel\\framework\\src\\Illuminate\\Container\\Container.php(712): Illuminate\\Container\\Container->build()
#5 C:\\Projects\\lara_dealer\\vendor\\laravel\\framework\\src\\Illuminate\\Foundation\\Application.php(841): Illuminate\\Container\\Container->resolve()
#6 C:\\Projects\\lara_dealer\\vendor\\laravel\\framework\\src\\Illuminate\\Container\\Container.php(651): Illuminate\\Foundation\\Application->resolve()
#7 C:\\Projects\\lara_dealer\\vendor\\laravel\\framework\\src\\Illuminate\\Foundation\\Application.php(826): Illuminate\\Container\\Container->make()
#8 C:\\Projects\\lara_dealer\\vendor\\laravel\\framework\\src\\Illuminate\\Routing\\Route.php(268): Illuminate\\Foundation\\Application->make()
#9 C:\\Projects\\lara_dealer\\vendor\\laravel\\framework\\src\\Illuminate\\Routing\\Route.php(1019): Illuminate\\Routing\\Route->getController()
#10 C:\\Projects\\lara_dealer\\vendor\\laravel\\framework\\src\\Illuminate\\Routing\\Route.php(980): Illuminate\\Routing\\Route->controllerMiddleware()
#11 C:\\Projects\\lara_dealer\\vendor\\laravel\\framework\\src\\Illuminate\\Routing\\Router.php(710): Illuminate\\Routing\\Route->gatherMiddleware()
#12 C:\\Projects\\lara_dealer\\vendor\\laravel\\framework\\src\\Illuminate\\Routing\\Router.php(686): Illuminate\\Routing\\Router->gatherRouteMiddleware()
#13 C:\\Projects\\lara_dealer\\vendor\\laravel\\framework\\src\\Illuminate\\Routing\\Router.php(670): Illuminate\\Routing\\Router->runRouteWithinStack()
#14 C:\\Projects\\lara_dealer\\vendor\\laravel\\framework\\src\\Illuminate\\Routing\\Router.php(636): Illuminate\\Routing\\Router->runRoute()
#15 C:\\Projects\\lara_dealer\\vendor\\laravel\\framework\\src\\Illuminate\\Routing\\Router.php(625): Illuminate\\Routing\\Router->dispatchToRoute()
#16 C:\\Projects\\lara_dealer\\vendor\\laravel\\framework\\src\\Illuminate\\Foundation\\Http\\Kernel.php(166): Illuminate\\Routing\\Router->dispatch()
#17 C:\\Projects\\lara_dealer\\vendor\\laravel\\framework\\src\\Illuminate\\Pipeline\\Pipeline.php(128): Illuminate\\Foundation\\Http\\Kernel->Illuminate\\Foundation\\Http\\{closure}()
#18 C:\\Projects\\lara_dealer\\app\\Http\\Middleware\\Cors.php(18): Illuminate\\Pipeline\\Pipeline->Illuminate\\Pipeline\\{closure}()
#19 C:\\Projects\\lara_dealer\\vendor\\laravel\\framework\\src\\Illuminate\\Pipeline\\Pipeline.php(167): App\\Http\\Middleware\\Cors->handle()
#20 C:\\Projects\\lara_dealer\\vendor\\laravel\\framework\\src\\Illuminate\\Foundation\\Http\\Middleware\\TransformsRequest.php(21): Illuminate\\Pipeline\\Pipeline->Illuminate\\Pipeline\\{closure}()
#21 C:\\Projects\\lara_dealer\\vendor\\laravel\\framework\\src\\Illuminate\\Pipeline\\Pipeline.php(167): Illuminate\\Foundation\\Http\\Middleware\\TransformsRequest->handle()
#22 C:\\Projects\\lara_dealer\\vendor\\laravel\\framework\\src\\Illuminate\\Foundation\\Http\\Middleware\\TransformsRequest.php(21): Illuminate\\Pipeline\\Pipeline->Illuminate\\Pipeline\\{closure}()
#23 C:\\Projects\\lara_dealer\\vendor\\laravel\\framework\\src\\Illuminate\\Pipeline\\Pipeline.php(167): Illuminate\\Foundation\\Http\\Middleware\\TransformsRequest->handle()
#24 C:\\Projects\\lara_dealer\\vendor\\laravel\\framework\\src\\Illuminate\\Foundation\\Http\\Middleware\\ValidatePostSize.php(27): Illuminate\\Pipeline\\Pipeline->Illuminate\\Pipeline\\{closure}()
#25 C:\\Projects\\lara_dealer\\vendor\\laravel\\framework\\src\\Illuminate\\Pipeline\\Pipeline.php(167): Illuminate\\Foundation\\Http\\Middleware\\ValidatePostSize->handle()
#26 C:\\Projects\\lara_dealer\\vendor\\laravel\\framework\\src\\Illuminate\\Foundation\\Http\\Middleware\\PreventRequestsDuringMaintenance.php(86): Illuminate\\Pipeline\\Pipeline->Illuminate\\Pipeline\\{closure}()
#27 C:\\Projects\\lara_dealer\\vendor\\laravel\\framework\\src\\Illuminate\\Pipeline\\Pipeline.php(167): Illuminate\\Foundation\\Http\\Middleware\\PreventRequestsDuringMaintenance->handle()
#28 C:\\Projects\\lara_dealer\\vendor\\fideloper\\proxy\\src\\TrustProxies.php(57): Illuminate\\Pipeline\\Pipeline->Illuminate\\Pipeline\\{closure}()
#29 C:\\Projects\\lara_dealer\\vendor\\laravel\\framework\\src\\Illuminate\\Pipeline\\Pipeline.php(167): Fideloper\\Proxy\\TrustProxies->handle()
#30 C:\\Projects\\lara_dealer\\vendor\\laravel\\framework\\src\\Illuminate\\Pipeline\\Pipeline.php(103): Illuminate\\Pipeline\\Pipeline->Illuminate\\Pipeline\\{closure}()
#31 C:\\Projects\\lara_dealer\\vendor\\laravel\\framework\\src\\Illuminate\\Foundation\\Http\\Kernel.php(141): Illuminate\\Pipeline\\Pipeline->then()
#32 C:\\Projects\\lara_dealer\\vendor\\laravel\\framework\\src\\Illuminate\\Foundation\\Http\\Kernel.php(110): Illuminate\\Foundation\\Http\\Kernel->sendRequestThroughRouter()
#33 C:\\Projects\\lara_dealer\\public\\index.php(52): Illuminate\\Foundation\\Http\\Kernel->handle()
#34 C:\\Projects\\lara_dealer\\server.php(21): require_once('C:\\\\Projects\\\\lar...')
#35 {main}
"} 
[2021-05-19 14:23:40] local.ERROR: Undefined index: id {"exception":"[object] (ErrorException(code: 0): Undefined index: id at C:\\Projects\\lara_dealer\\app\\Http\\Controllers\\SyncController.php:44)
[stacktrace]
#0 C:\\Projects\\lara_dealer\\app\\Http\\Controllers\\SyncController.php(44): Illuminate\\Foundation\\Bootstrap\\HandleExceptions->handleError()
#1 C:\\Projects\\lara_dealer\\app\\Http\\Controllers\\SyncController.php(29): App\\Http\\Controllers\\SyncController::syncCategoriesWithOldDealer()
#2 C:\\Projects\\lara_dealer\\vendor\\laravel\\framework\\src\\Illuminate\\Routing\\Controller.php(54): App\\Http\\Controllers\\SyncController::syncWithOldDealer()
#3 C:\\Projects\\lara_dealer\\vendor\\laravel\\framework\\src\\Illuminate\\Routing\\ControllerDispatcher.php(45): Illuminate\\Routing\\Controller->callAction()
#4 C:\\Projects\\lara_dealer\\vendor\\laravel\\framework\\src\\Illuminate\\Routing\\Route.php(254): Illuminate\\Routing\\ControllerDispatcher->dispatch()
#5 C:\\Projects\\lara_dealer\\vendor\\laravel\\framework\\src\\Illuminate\\Routing\\Route.php(197): Illuminate\\Routing\\Route->runController()
#6 C:\\Projects\\lara_dealer\\vendor\\laravel\\framework\\src\\Illuminate\\Routing\\Router.php(693): Illuminate\\Routing\\Route->run()
#7 C:\\Projects\\lara_dealer\\vendor\\laravel\\framework\\src\\Illuminate\\Pipeline\\Pipeline.php(128): Illuminate\\Routing\\Router->Illuminate\\Routing\\{closure}()
#8 C:\\Projects\\lara_dealer\\vendor\\laravel\\framework\\src\\Illuminate\\Routing\\Middleware\\SubstituteBindings.php(50): Illuminate\\Pipeline\\Pipeline->Illuminate\\Pipeline\\{closure}()
#9 C:\\Projects\\lara_dealer\\vendor\\laravel\\framework\\src\\Illuminate\\Pipeline\\Pipeline.php(167): Illuminate\\Routing\\Middleware\\SubstituteBindings->handle()
#10 C:\\Projects\\lara_dealer\\vendor\\laravel\\framework\\src\\Illuminate\\Routing\\Middleware\\ThrottleRequests.php(127): Illuminate\\Pipeline\\Pipeline->Illuminate\\Pipeline\\{closure}()
#11 C:\\Projects\\lara_dealer\\vendor\\laravel\\framework\\src\\Illuminate\\Routing\\Middleware\\ThrottleRequests.php(63): Illuminate\\Routing\\Middleware\\ThrottleRequests->handleRequest()
#12 C:\\Projects\\lara_dealer\\vendor\\laravel\\framework\\src\\Illuminate\\Pipeline\\Pipeline.php(167): Illuminate\\Routing\\Middleware\\ThrottleRequests->handle()
#13 C:\\Projects\\lara_dealer\\vendor\\laravel\\framework\\src\\Illuminate\\Pipeline\\Pipeline.php(103): Illuminate\\Pipeline\\Pipeline->Illuminate\\Pipeline\\{closure}()
#14 C:\\Projects\\lara_dealer\\vendor\\laravel\\framework\\src\\Illuminate\\Routing\\Router.php(695): Illuminate\\Pipeline\\Pipeline->then()
#15 C:\\Projects\\lara_dealer\\vendor\\laravel\\framework\\src\\Illuminate\\Routing\\Router.php(670): Illuminate\\Routing\\Router->runRouteWithinStack()
#16 C:\\Projects\\lara_dealer\\vendor\\laravel\\framework\\src\\Illuminate\\Routing\\Router.php(636): Illuminate\\Routing\\Router->runRoute()
#17 C:\\Projects\\lara_dealer\\vendor\\laravel\\framework\\src\\Illuminate\\Routing\\Router.php(625): Illuminate\\Routing\\Router->dispatchToRoute()
#18 C:\\Projects\\lara_dealer\\vendor\\laravel\\framework\\src\\Illuminate\\Foundation\\Http\\Kernel.php(166): Illuminate\\Routing\\Router->dispatch()
#19 C:\\Projects\\lara_dealer\\vendor\\laravel\\framework\\src\\Illuminate\\Pipeline\\Pipeline.php(128): Illuminate\\Foundation\\Http\\Kernel->Illuminate\\Foundation\\Http\\{closure}()
#20 C:\\Projects\\lara_dealer\\app\\Http\\Middleware\\Cors.php(18): Illuminate\\Pipeline\\Pipeline->Illuminate\\Pipeline\\{closure}()
#21 C:\\Projects\\lara_dealer\\vendor\\laravel\\framework\\src\\Illuminate\\Pipeline\\Pipeline.php(167): App\\Http\\Middleware\\Cors->handle()
#22 C:\\Projects\\lara_dealer\\vendor\\laravel\\framework\\src\\Illuminate\\Foundation\\Http\\Middleware\\TransformsRequest.php(21): Illuminate\\Pipeline\\Pipeline->Illuminate\\Pipeline\\{closure}()
#23 C:\\Projects\\lara_dealer\\vendor\\laravel\\framework\\src\\Illuminate\\Pipeline\\Pipeline.php(167): Illuminate\\Foundation\\Http\\Middleware\\TransformsRequest->handle()
#24 C:\\Projects\\lara_dealer\\vendor\\laravel\\framework\\src\\Illuminate\\Foundation\\Http\\Middleware\\TransformsRequest.php(21): Illuminate\\Pipeline\\Pipeline->Illuminate\\Pipeline\\{closure}()
#25 C:\\Projects\\lara_dealer\\vendor\\laravel\\framework\\src\\Illuminate\\Pipeline\\Pipeline.php(167): Illuminate\\Foundation\\Http\\Middleware\\TransformsRequest->handle()
#26 C:\\Projects\\lara_dealer\\vendor\\laravel\\framework\\src\\Illuminate\\Foundation\\Http\\Middleware\\ValidatePostSize.php(27): Illuminate\\Pipeline\\Pipeline->Illuminate\\Pipeline\\{closure}()
#27 C:\\Projects\\lara_dealer\\vendor\\laravel\\framework\\src\\Illuminate\\Pipeline\\Pipeline.php(167): Illuminate\\Foundation\\Http\\Middleware\\ValidatePostSize->handle()
#28 C:\\Projects\\lara_dealer\\vendor\\laravel\\framework\\src\\Illuminate\\Foundation\\Http\\Middleware\\PreventRequestsDuringMaintenance.php(86): Illuminate\\Pipeline\\Pipeline->Illuminate\\Pipeline\\{closure}()
#29 C:\\Projects\\lara_dealer\\vendor\\laravel\\framework\\src\\Illuminate\\Pipeline\\Pipeline.php(167): Illuminate\\Foundation\\Http\\Middleware\\PreventRequestsDuringMaintenance->handle()
#30 C:\\Projects\\lara_dealer\\vendor\\fideloper\\proxy\\src\\TrustProxies.php(57): Illuminate\\Pipeline\\Pipeline->Illuminate\\Pipeline\\{closure}()
#31 C:\\Projects\\lara_dealer\\vendor\\laravel\\framework\\src\\Illuminate\\Pipeline\\Pipeline.php(167): Fideloper\\Proxy\\TrustProxies->handle()
#32 C:\\Projects\\lara_dealer\\vendor\\laravel\\framework\\src\\Illuminate\\Pipeline\\Pipeline.php(103): Illuminate\\Pipeline\\Pipeline->Illuminate\\Pipeline\\{closure}()
#33 C:\\Projects\\lara_dealer\\vendor\\laravel\\framework\\src\\Illuminate\\Foundation\\Http\\Kernel.php(141): Illuminate\\Pipeline\\Pipeline->then()
#34 C:\\Projects\\lara_dealer\\vendor\\laravel\\framework\\src\\Illuminate\\Foundation\\Http\\Kernel.php(110): Illuminate\\Foundation\\Http\\Kernel->sendRequestThroughRouter()
#35 C:\\Projects\\lara_dealer\\public\\index.php(52): Illuminate\\Foundation\\Http\\Kernel->handle()
#36 C:\\Projects\\lara_dealer\\server.php(21): require_once('C:\\\\Projects\\\\lar...')
#37 {main}
"} 
[2021-05-19 14:25:44] local.ERROR: Trying to get property 'id' of non-object {"exception":"[object] (ErrorException(code: 0): Trying to get property 'id' of non-object at C:\\Projects\\lara_dealer\\app\\Http\\Controllers\\SyncController.php:44)
[stacktrace]
#0 C:\\Projects\\lara_dealer\\app\\Http\\Controllers\\SyncController.php(44): Illuminate\\Foundation\\Bootstrap\\HandleExceptions->handleError()
#1 C:\\Projects\\lara_dealer\\app\\Http\\Controllers\\SyncController.php(29): App\\Http\\Controllers\\SyncController::syncCategoriesWithOldDealer()
#2 C:\\Projects\\lara_dealer\\vendor\\laravel\\framework\\src\\Illuminate\\Routing\\Controller.php(54): App\\Http\\Controllers\\SyncController::syncWithOldDealer()
#3 C:\\Projects\\lara_dealer\\vendor\\laravel\\framework\\src\\Illuminate\\Routing\\ControllerDispatcher.php(45): Illuminate\\Routing\\Controller->callAction()
#4 C:\\Projects\\lara_dealer\\vendor\\laravel\\framework\\src\\Illuminate\\Routing\\Route.php(254): Illuminate\\Routing\\ControllerDispatcher->dispatch()
#5 C:\\Projects\\lara_dealer\\vendor\\laravel\\framework\\src\\Illuminate\\Routing\\Route.php(197): Illuminate\\Routing\\Route->runController()
#6 C:\\Projects\\lara_dealer\\vendor\\laravel\\framework\\src\\Illuminate\\Routing\\Router.php(693): Illuminate\\Routing\\Route->run()
#7 C:\\Projects\\lara_dealer\\vendor\\laravel\\framework\\src\\Illuminate\\Pipeline\\Pipeline.php(128): Illuminate\\Routing\\Router->Illuminate\\Routing\\{closure}()
#8 C:\\Projects\\lara_dealer\\vendor\\laravel\\framework\\src\\Illuminate\\Routing\\Middleware\\SubstituteBindings.php(50): Illuminate\\Pipeline\\Pipeline->Illuminate\\Pipeline\\{closure}()
#9 C:\\Projects\\lara_dealer\\vendor\\laravel\\framework\\src\\Illuminate\\Pipeline\\Pipeline.php(167): Illuminate\\Routing\\Middleware\\SubstituteBindings->handle()
#10 C:\\Projects\\lara_dealer\\vendor\\laravel\\framework\\src\\Illuminate\\Routing\\Middleware\\ThrottleRequests.php(127): Illuminate\\Pipeline\\Pipeline->Illuminate\\Pipeline\\{closure}()
#11 C:\\Projects\\lara_dealer\\vendor\\laravel\\framework\\src\\Illuminate\\Routing\\Middleware\\ThrottleRequests.php(63): Illuminate\\Routing\\Middleware\\ThrottleRequests->handleRequest()
#12 C:\\Projects\\lara_dealer\\vendor\\laravel\\framework\\src\\Illuminate\\Pipeline\\Pipeline.php(167): Illuminate\\Routing\\Middleware\\ThrottleRequests->handle()
#13 C:\\Projects\\lara_dealer\\vendor\\laravel\\framework\\src\\Illuminate\\Pipeline\\Pipeline.php(103): Illuminate\\Pipeline\\Pipeline->Illuminate\\Pipeline\\{closure}()
#14 C:\\Projects\\lara_dealer\\vendor\\laravel\\framework\\src\\Illuminate\\Routing\\Router.php(695): Illuminate\\Pipeline\\Pipeline->then()
#15 C:\\Projects\\lara_dealer\\vendor\\laravel\\framework\\src\\Illuminate\\Routing\\Router.php(670): Illuminate\\Routing\\Router->runRouteWithinStack()
#16 C:\\Projects\\lara_dealer\\vendor\\laravel\\framework\\src\\Illuminate\\Routing\\Router.php(636): Illuminate\\Routing\\Router->runRoute()
#17 C:\\Projects\\lara_dealer\\vendor\\laravel\\framework\\src\\Illuminate\\Routing\\Router.php(625): Illuminate\\Routing\\Router->dispatchToRoute()
#18 C:\\Projects\\lara_dealer\\vendor\\laravel\\framework\\src\\Illuminate\\Foundation\\Http\\Kernel.php(166): Illuminate\\Routing\\Router->dispatch()
#19 C:\\Projects\\lara_dealer\\vendor\\laravel\\framework\\src\\Illuminate\\Pipeline\\Pipeline.php(128): Illuminate\\Foundation\\Http\\Kernel->Illuminate\\Foundation\\Http\\{closure}()
#20 C:\\Projects\\lara_dealer\\app\\Http\\Middleware\\Cors.php(18): Illuminate\\Pipeline\\Pipeline->Illuminate\\Pipeline\\{closure}()
#21 C:\\Projects\\lara_dealer\\vendor\\laravel\\framework\\src\\Illuminate\\Pipeline\\Pipeline.php(167): App\\Http\\Middleware\\Cors->handle()
#22 C:\\Projects\\lara_dealer\\vendor\\laravel\\framework\\src\\Illuminate\\Foundation\\Http\\Middleware\\TransformsRequest.php(21): Illuminate\\Pipeline\\Pipeline->Illuminate\\Pipeline\\{closure}()
#23 C:\\Projects\\lara_dealer\\vendor\\laravel\\framework\\src\\Illuminate\\Pipeline\\Pipeline.php(167): Illuminate\\Foundation\\Http\\Middleware\\TransformsRequest->handle()
#24 C:\\Projects\\lara_dealer\\vendor\\laravel\\framework\\src\\Illuminate\\Foundation\\Http\\Middleware\\TransformsRequest.php(21): Illuminate\\Pipeline\\Pipeline->Illuminate\\Pipeline\\{closure}()
#25 C:\\Projects\\lara_dealer\\vendor\\laravel\\framework\\src\\Illuminate\\Pipeline\\Pipeline.php(167): Illuminate\\Foundation\\Http\\Middleware\\TransformsRequest->handle()
#26 C:\\Projects\\lara_dealer\\vendor\\laravel\\framework\\src\\Illuminate\\Foundation\\Http\\Middleware\\ValidatePostSize.php(27): Illuminate\\Pipeline\\Pipeline->Illuminate\\Pipeline\\{closure}()
#27 C:\\Projects\\lara_dealer\\vendor\\laravel\\framework\\src\\Illuminate\\Pipeline\\Pipeline.php(167): Illuminate\\Foundation\\Http\\Middleware\\ValidatePostSize->handle()
#28 C:\\Projects\\lara_dealer\\vendor\\laravel\\framework\\src\\Illuminate\\Foundation\\Http\\Middleware\\PreventRequestsDuringMaintenance.php(86): Illuminate\\Pipeline\\Pipeline->Illuminate\\Pipeline\\{closure}()
#29 C:\\Projects\\lara_dealer\\vendor\\laravel\\framework\\src\\Illuminate\\Pipeline\\Pipeline.php(167): Illuminate\\Foundation\\Http\\Middleware\\PreventRequestsDuringMaintenance->handle()
#30 C:\\Projects\\lara_dealer\\vendor\\fideloper\\proxy\\src\\TrustProxies.php(57): Illuminate\\Pipeline\\Pipeline->Illuminate\\Pipeline\\{closure}()
#31 C:\\Projects\\lara_dealer\\vendor\\laravel\\framework\\src\\Illuminate\\Pipeline\\Pipeline.php(167): Fideloper\\Proxy\\TrustProxies->handle()
#32 C:\\Projects\\lara_dealer\\vendor\\laravel\\framework\\src\\Illuminate\\Pipeline\\Pipeline.php(103): Illuminate\\Pipeline\\Pipeline->Illuminate\\Pipeline\\{closure}()
#33 C:\\Projects\\lara_dealer\\vendor\\laravel\\framework\\src\\Illuminate\\Foundation\\Http\\Kernel.php(141): Illuminate\\Pipeline\\Pipeline->then()
#34 C:\\Projects\\lara_dealer\\vendor\\laravel\\framework\\src\\Illuminate\\Foundation\\Http\\Kernel.php(110): Illuminate\\Foundation\\Http\\Kernel->sendRequestThroughRouter()
#35 C:\\Projects\\lara_dealer\\public\\index.php(52): Illuminate\\Foundation\\Http\\Kernel->handle()
#36 C:\\Projects\\lara_dealer\\server.php(21): require_once('C:\\\\Projects\\\\lar...')
#37 {main}
"} 
[2021-05-19 14:25:57] local.ERROR: Undefined index: id {"exception":"[object] (ErrorException(code: 0): Undefined index: id at C:\\Projects\\lara_dealer\\app\\Http\\Controllers\\SyncController.php:44)
[stacktrace]
#0 C:\\Projects\\lara_dealer\\app\\Http\\Controllers\\SyncController.php(44): Illuminate\\Foundation\\Bootstrap\\HandleExceptions->handleError()
#1 C:\\Projects\\lara_dealer\\app\\Http\\Controllers\\SyncController.php(29): App\\Http\\Controllers\\SyncController::syncCategoriesWithOldDealer()
#2 C:\\Projects\\lara_dealer\\vendor\\laravel\\framework\\src\\Illuminate\\Routing\\Controller.php(54): App\\Http\\Controllers\\SyncController::syncWithOldDealer()
#3 C:\\Projects\\lara_dealer\\vendor\\laravel\\framework\\src\\Illuminate\\Routing\\ControllerDispatcher.php(45): Illuminate\\Routing\\Controller->callAction()
#4 C:\\Projects\\lara_dealer\\vendor\\laravel\\framework\\src\\Illuminate\\Routing\\Route.php(254): Illuminate\\Routing\\ControllerDispatcher->dispatch()
#5 C:\\Projects\\lara_dealer\\vendor\\laravel\\framework\\src\\Illuminate\\Routing\\Route.php(197): Illuminate\\Routing\\Route->runController()
#6 C:\\Projects\\lara_dealer\\vendor\\laravel\\framework\\src\\Illuminate\\Routing\\Router.php(693): Illuminate\\Routing\\Route->run()
#7 C:\\Projects\\lara_dealer\\vendor\\laravel\\framework\\src\\Illuminate\\Pipeline\\Pipeline.php(128): Illuminate\\Routing\\Router->Illuminate\\Routing\\{closure}()
#8 C:\\Projects\\lara_dealer\\vendor\\laravel\\framework\\src\\Illuminate\\Routing\\Middleware\\SubstituteBindings.php(50): Illuminate\\Pipeline\\Pipeline->Illuminate\\Pipeline\\{closure}()
#9 C:\\Projects\\lara_dealer\\vendor\\laravel\\framework\\src\\Illuminate\\Pipeline\\Pipeline.php(167): Illuminate\\Routing\\Middleware\\SubstituteBindings->handle()
#10 C:\\Projects\\lara_dealer\\vendor\\laravel\\framework\\src\\Illuminate\\Routing\\Middleware\\ThrottleRequests.php(127): Illuminate\\Pipeline\\Pipeline->Illuminate\\Pipeline\\{closure}()
#11 C:\\Projects\\lara_dealer\\vendor\\laravel\\framework\\src\\Illuminate\\Routing\\Middleware\\ThrottleRequests.php(63): Illuminate\\Routing\\Middleware\\ThrottleRequests->handleRequest()
#12 C:\\Projects\\lara_dealer\\vendor\\laravel\\framework\\src\\Illuminate\\Pipeline\\Pipeline.php(167): Illuminate\\Routing\\Middleware\\ThrottleRequests->handle()
#13 C:\\Projects\\lara_dealer\\vendor\\laravel\\framework\\src\\Illuminate\\Pipeline\\Pipeline.php(103): Illuminate\\Pipeline\\Pipeline->Illuminate\\Pipeline\\{closure}()
#14 C:\\Projects\\lara_dealer\\vendor\\laravel\\framework\\src\\Illuminate\\Routing\\Router.php(695): Illuminate\\Pipeline\\Pipeline->then()
#15 C:\\Projects\\lara_dealer\\vendor\\laravel\\framework\\src\\Illuminate\\Routing\\Router.php(670): Illuminate\\Routing\\Router->runRouteWithinStack()
#16 C:\\Projects\\lara_dealer\\vendor\\laravel\\framework\\src\\Illuminate\\Routing\\Router.php(636): Illuminate\\Routing\\Router->runRoute()
#17 C:\\Projects\\lara_dealer\\vendor\\laravel\\framework\\src\\Illuminate\\Routing\\Router.php(625): Illuminate\\Routing\\Router->dispatchToRoute()
#18 C:\\Projects\\lara_dealer\\vendor\\laravel\\framework\\src\\Illuminate\\Foundation\\Http\\Kernel.php(166): Illuminate\\Routing\\Router->dispatch()
#19 C:\\Projects\\lara_dealer\\vendor\\laravel\\framework\\src\\Illuminate\\Pipeline\\Pipeline.php(128): Illuminate\\Foundation\\Http\\Kernel->Illuminate\\Foundation\\Http\\{closure}()
#20 C:\\Projects\\lara_dealer\\app\\Http\\Middleware\\Cors.php(18): Illuminate\\Pipeline\\Pipeline->Illuminate\\Pipeline\\{closure}()
#21 C:\\Projects\\lara_dealer\\vendor\\laravel\\framework\\src\\Illuminate\\Pipeline\\Pipeline.php(167): App\\Http\\Middleware\\Cors->handle()
#22 C:\\Projects\\lara_dealer\\vendor\\laravel\\framework\\src\\Illuminate\\Foundation\\Http\\Middleware\\TransformsRequest.php(21): Illuminate\\Pipeline\\Pipeline->Illuminate\\Pipeline\\{closure}()
#23 C:\\Projects\\lara_dealer\\vendor\\laravel\\framework\\src\\Illuminate\\Pipeline\\Pipeline.php(167): Illuminate\\Foundation\\Http\\Middleware\\TransformsRequest->handle()
#24 C:\\Projects\\lara_dealer\\vendor\\laravel\\framework\\src\\Illuminate\\Foundation\\Http\\Middleware\\TransformsRequest.php(21): Illuminate\\Pipeline\\Pipeline->Illuminate\\Pipeline\\{closure}()
#25 C:\\Projects\\lara_dealer\\vendor\\laravel\\framework\\src\\Illuminate\\Pipeline\\Pipeline.php(167): Illuminate\\Foundation\\Http\\Middleware\\TransformsRequest->handle()
#26 C:\\Projects\\lara_dealer\\vendor\\laravel\\framework\\src\\Illuminate\\Foundation\\Http\\Middleware\\ValidatePostSize.php(27): Illuminate\\Pipeline\\Pipeline->Illuminate\\Pipeline\\{closure}()
#27 C:\\Projects\\lara_dealer\\vendor\\laravel\\framework\\src\\Illuminate\\Pipeline\\Pipeline.php(167): Illuminate\\Foundation\\Http\\Middleware\\ValidatePostSize->handle()
#28 C:\\Projects\\lara_dealer\\vendor\\laravel\\framework\\src\\Illuminate\\Foundation\\Http\\Middleware\\PreventRequestsDuringMaintenance.php(86): Illuminate\\Pipeline\\Pipeline->Illuminate\\Pipeline\\{closure}()
#29 C:\\Projects\\lara_dealer\\vendor\\laravel\\framework\\src\\Illuminate\\Pipeline\\Pipeline.php(167): Illuminate\\Foundation\\Http\\Middleware\\PreventRequestsDuringMaintenance->handle()
#30 C:\\Projects\\lara_dealer\\vendor\\fideloper\\proxy\\src\\TrustProxies.php(57): Illuminate\\Pipeline\\Pipeline->Illuminate\\Pipeline\\{closure}()
#31 C:\\Projects\\lara_dealer\\vendor\\laravel\\framework\\src\\Illuminate\\Pipeline\\Pipeline.php(167): Fideloper\\Proxy\\TrustProxies->handle()
#32 C:\\Projects\\lara_dealer\\vendor\\laravel\\framework\\src\\Illuminate\\Pipeline\\Pipeline.php(103): Illuminate\\Pipeline\\Pipeline->Illuminate\\Pipeline\\{closure}()
#33 C:\\Projects\\lara_dealer\\vendor\\laravel\\framework\\src\\Illuminate\\Foundation\\Http\\Kernel.php(141): Illuminate\\Pipeline\\Pipeline->then()
#34 C:\\Projects\\lara_dealer\\vendor\\laravel\\framework\\src\\Illuminate\\Foundation\\Http\\Kernel.php(110): Illuminate\\Foundation\\Http\\Kernel->sendRequestThroughRouter()
#35 C:\\Projects\\lara_dealer\\public\\index.php(52): Illuminate\\Foundation\\Http\\Kernel->handle()
#36 C:\\Projects\\lara_dealer\\server.php(21): require_once('C:\\\\Projects\\\\lar...')
#37 {main}
"} 
[2021-05-19 14:26:55] local.ERROR: Call to a member function toArray() on array {"exception":"[object] (Error(code: 0): Call to a member function toArray() on array at C:\\Projects\\lara_dealer\\app\\Http\\Controllers\\SyncController.php:41)
[stacktrace]
#0 C:\\Projects\\lara_dealer\\app\\Http\\Controllers\\SyncController.php(29): App\\Http\\Controllers\\SyncController::syncCategoriesWithOldDealer()
#1 C:\\Projects\\lara_dealer\\vendor\\laravel\\framework\\src\\Illuminate\\Routing\\Controller.php(54): App\\Http\\Controllers\\SyncController::syncWithOldDealer()
#2 C:\\Projects\\lara_dealer\\vendor\\laravel\\framework\\src\\Illuminate\\Routing\\ControllerDispatcher.php(45): Illuminate\\Routing\\Controller->callAction()
#3 C:\\Projects\\lara_dealer\\vendor\\laravel\\framework\\src\\Illuminate\\Routing\\Route.php(254): Illuminate\\Routing\\ControllerDispatcher->dispatch()
#4 C:\\Projects\\lara_dealer\\vendor\\laravel\\framework\\src\\Illuminate\\Routing\\Route.php(197): Illuminate\\Routing\\Route->runController()
#5 C:\\Projects\\lara_dealer\\vendor\\laravel\\framework\\src\\Illuminate\\Routing\\Router.php(693): Illuminate\\Routing\\Route->run()
#6 C:\\Projects\\lara_dealer\\vendor\\laravel\\framework\\src\\Illuminate\\Pipeline\\Pipeline.php(128): Illuminate\\Routing\\Router->Illuminate\\Routing\\{closure}()
#7 C:\\Projects\\lara_dealer\\vendor\\laravel\\framework\\src\\Illuminate\\Routing\\Middleware\\SubstituteBindings.php(50): Illuminate\\Pipeline\\Pipeline->Illuminate\\Pipeline\\{closure}()
#8 C:\\Projects\\lara_dealer\\vendor\\laravel\\framework\\src\\Illuminate\\Pipeline\\Pipeline.php(167): Illuminate\\Routing\\Middleware\\SubstituteBindings->handle()
#9 C:\\Projects\\lara_dealer\\vendor\\laravel\\framework\\src\\Illuminate\\Routing\\Middleware\\ThrottleRequests.php(127): Illuminate\\Pipeline\\Pipeline->Illuminate\\Pipeline\\{closure}()
#10 C:\\Projects\\lara_dealer\\vendor\\laravel\\framework\\src\\Illuminate\\Routing\\Middleware\\ThrottleRequests.php(63): Illuminate\\Routing\\Middleware\\ThrottleRequests->handleRequest()
#11 C:\\Projects\\lara_dealer\\vendor\\laravel\\framework\\src\\Illuminate\\Pipeline\\Pipeline.php(167): Illuminate\\Routing\\Middleware\\ThrottleRequests->handle()
#12 C:\\Projects\\lara_dealer\\vendor\\laravel\\framework\\src\\Illuminate\\Pipeline\\Pipeline.php(103): Illuminate\\Pipeline\\Pipeline->Illuminate\\Pipeline\\{closure}()
#13 C:\\Projects\\lara_dealer\\vendor\\laravel\\framework\\src\\Illuminate\\Routing\\Router.php(695): Illuminate\\Pipeline\\Pipeline->then()
#14 C:\\Projects\\lara_dealer\\vendor\\laravel\\framework\\src\\Illuminate\\Routing\\Router.php(670): Illuminate\\Routing\\Router->runRouteWithinStack()
#15 C:\\Projects\\lara_dealer\\vendor\\laravel\\framework\\src\\Illuminate\\Routing\\Router.php(636): Illuminate\\Routing\\Router->runRoute()
#16 C:\\Projects\\lara_dealer\\vendor\\laravel\\framework\\src\\Illuminate\\Routing\\Router.php(625): Illuminate\\Routing\\Router->dispatchToRoute()
#17 C:\\Projects\\lara_dealer\\vendor\\laravel\\framework\\src\\Illuminate\\Foundation\\Http\\Kernel.php(166): Illuminate\\Routing\\Router->dispatch()
#18 C:\\Projects\\lara_dealer\\vendor\\laravel\\framework\\src\\Illuminate\\Pipeline\\Pipeline.php(128): Illuminate\\Foundation\\Http\\Kernel->Illuminate\\Foundation\\Http\\{closure}()
#19 C:\\Projects\\lara_dealer\\app\\Http\\Middleware\\Cors.php(18): Illuminate\\Pipeline\\Pipeline->Illuminate\\Pipeline\\{closure}()
#20 C:\\Projects\\lara_dealer\\vendor\\laravel\\framework\\src\\Illuminate\\Pipeline\\Pipeline.php(167): App\\Http\\Middleware\\Cors->handle()
#21 C:\\Projects\\lara_dealer\\vendor\\laravel\\framework\\src\\Illuminate\\Foundation\\Http\\Middleware\\TransformsRequest.php(21): Illuminate\\Pipeline\\Pipeline->Illuminate\\Pipeline\\{closure}()
#22 C:\\Projects\\lara_dealer\\vendor\\laravel\\framework\\src\\Illuminate\\Pipeline\\Pipeline.php(167): Illuminate\\Foundation\\Http\\Middleware\\TransformsRequest->handle()
#23 C:\\Projects\\lara_dealer\\vendor\\laravel\\framework\\src\\Illuminate\\Foundation\\Http\\Middleware\\TransformsRequest.php(21): Illuminate\\Pipeline\\Pipeline->Illuminate\\Pipeline\\{closure}()
#24 C:\\Projects\\lara_dealer\\vendor\\laravel\\framework\\src\\Illuminate\\Pipeline\\Pipeline.php(167): Illuminate\\Foundation\\Http\\Middleware\\TransformsRequest->handle()
#25 C:\\Projects\\lara_dealer\\vendor\\laravel\\framework\\src\\Illuminate\\Foundation\\Http\\Middleware\\ValidatePostSize.php(27): Illuminate\\Pipeline\\Pipeline->Illuminate\\Pipeline\\{closure}()
#26 C:\\Projects\\lara_dealer\\vendor\\laravel\\framework\\src\\Illuminate\\Pipeline\\Pipeline.php(167): Illuminate\\Foundation\\Http\\Middleware\\ValidatePostSize->handle()
#27 C:\\Projects\\lara_dealer\\vendor\\laravel\\framework\\src\\Illuminate\\Foundation\\Http\\Middleware\\PreventRequestsDuringMaintenance.php(86): Illuminate\\Pipeline\\Pipeline->Illuminate\\Pipeline\\{closure}()
#28 C:\\Projects\\lara_dealer\\vendor\\laravel\\framework\\src\\Illuminate\\Pipeline\\Pipeline.php(167): Illuminate\\Foundation\\Http\\Middleware\\PreventRequestsDuringMaintenance->handle()
#29 C:\\Projects\\lara_dealer\\vendor\\fideloper\\proxy\\src\\TrustProxies.php(57): Illuminate\\Pipeline\\Pipeline->Illuminate\\Pipeline\\{closure}()
#30 C:\\Projects\\lara_dealer\\vendor\\laravel\\framework\\src\\Illuminate\\Pipeline\\Pipeline.php(167): Fideloper\\Proxy\\TrustProxies->handle()
#31 C:\\Projects\\lara_dealer\\vendor\\laravel\\framework\\src\\Illuminate\\Pipeline\\Pipeline.php(103): Illuminate\\Pipeline\\Pipeline->Illuminate\\Pipeline\\{closure}()
#32 C:\\Projects\\lara_dealer\\vendor\\laravel\\framework\\src\\Illuminate\\Foundation\\Http\\Kernel.php(141): Illuminate\\Pipeline\\Pipeline->then()
#33 C:\\Projects\\lara_dealer\\vendor\\laravel\\framework\\src\\Illuminate\\Foundation\\Http\\Kernel.php(110): Illuminate\\Foundation\\Http\\Kernel->sendRequestThroughRouter()
#34 C:\\Projects\\lara_dealer\\public\\index.php(52): Illuminate\\Foundation\\Http\\Kernel->handle()
#35 C:\\Projects\\lara_dealer\\server.php(21): require_once('C:\\\\Projects\\\\lar...')
#36 {main}
"} 
[2021-05-19 14:29:07] local.ERROR: Undefined index: sub_id {"exception":"[object] (ErrorException(code: 0): Undefined index: sub_id at C:\\Projects\\lara_dealer\\app\\Http\\Controllers\\SyncController.php:46)
[stacktrace]
#0 C:\\Projects\\lara_dealer\\app\\Http\\Controllers\\SyncController.php(46): Illuminate\\Foundation\\Bootstrap\\HandleExceptions->handleError()
#1 C:\\Projects\\lara_dealer\\app\\Http\\Controllers\\SyncController.php(29): App\\Http\\Controllers\\SyncController::syncCategoriesWithOldDealer()
#2 C:\\Projects\\lara_dealer\\vendor\\laravel\\framework\\src\\Illuminate\\Routing\\Controller.php(54): App\\Http\\Controllers\\SyncController::syncWithOldDealer()
#3 C:\\Projects\\lara_dealer\\vendor\\laravel\\framework\\src\\Illuminate\\Routing\\ControllerDispatcher.php(45): Illuminate\\Routing\\Controller->callAction()
#4 C:\\Projects\\lara_dealer\\vendor\\laravel\\framework\\src\\Illuminate\\Routing\\Route.php(254): Illuminate\\Routing\\ControllerDispatcher->dispatch()
#5 C:\\Projects\\lara_dealer\\vendor\\laravel\\framework\\src\\Illuminate\\Routing\\Route.php(197): Illuminate\\Routing\\Route->runController()
#6 C:\\Projects\\lara_dealer\\vendor\\laravel\\framework\\src\\Illuminate\\Routing\\Router.php(693): Illuminate\\Routing\\Route->run()
#7 C:\\Projects\\lara_dealer\\vendor\\laravel\\framework\\src\\Illuminate\\Pipeline\\Pipeline.php(128): Illuminate\\Routing\\Router->Illuminate\\Routing\\{closure}()
#8 C:\\Projects\\lara_dealer\\vendor\\laravel\\framework\\src\\Illuminate\\Routing\\Middleware\\SubstituteBindings.php(50): Illuminate\\Pipeline\\Pipeline->Illuminate\\Pipeline\\{closure}()
#9 C:\\Projects\\lara_dealer\\vendor\\laravel\\framework\\src\\Illuminate\\Pipeline\\Pipeline.php(167): Illuminate\\Routing\\Middleware\\SubstituteBindings->handle()
#10 C:\\Projects\\lara_dealer\\vendor\\laravel\\framework\\src\\Illuminate\\Routing\\Middleware\\ThrottleRequests.php(127): Illuminate\\Pipeline\\Pipeline->Illuminate\\Pipeline\\{closure}()
#11 C:\\Projects\\lara_dealer\\vendor\\laravel\\framework\\src\\Illuminate\\Routing\\Middleware\\ThrottleRequests.php(63): Illuminate\\Routing\\Middleware\\ThrottleRequests->handleRequest()
#12 C:\\Projects\\lara_dealer\\vendor\\laravel\\framework\\src\\Illuminate\\Pipeline\\Pipeline.php(167): Illuminate\\Routing\\Middleware\\ThrottleRequests->handle()
#13 C:\\Projects\\lara_dealer\\vendor\\laravel\\framework\\src\\Illuminate\\Pipeline\\Pipeline.php(103): Illuminate\\Pipeline\\Pipeline->Illuminate\\Pipeline\\{closure}()
#14 C:\\Projects\\lara_dealer\\vendor\\laravel\\framework\\src\\Illuminate\\Routing\\Router.php(695): Illuminate\\Pipeline\\Pipeline->then()
#15 C:\\Projects\\lara_dealer\\vendor\\laravel\\framework\\src\\Illuminate\\Routing\\Router.php(670): Illuminate\\Routing\\Router->runRouteWithinStack()
#16 C:\\Projects\\lara_dealer\\vendor\\laravel\\framework\\src\\Illuminate\\Routing\\Router.php(636): Illuminate\\Routing\\Router->runRoute()
#17 C:\\Projects\\lara_dealer\\vendor\\laravel\\framework\\src\\Illuminate\\Routing\\Router.php(625): Illuminate\\Routing\\Router->dispatchToRoute()
#18 C:\\Projects\\lara_dealer\\vendor\\laravel\\framework\\src\\Illuminate\\Foundation\\Http\\Kernel.php(166): Illuminate\\Routing\\Router->dispatch()
#19 C:\\Projects\\lara_dealer\\vendor\\laravel\\framework\\src\\Illuminate\\Pipeline\\Pipeline.php(128): Illuminate\\Foundation\\Http\\Kernel->Illuminate\\Foundation\\Http\\{closure}()
#20 C:\\Projects\\lara_dealer\\app\\Http\\Middleware\\Cors.php(18): Illuminate\\Pipeline\\Pipeline->Illuminate\\Pipeline\\{closure}()
#21 C:\\Projects\\lara_dealer\\vendor\\laravel\\framework\\src\\Illuminate\\Pipeline\\Pipeline.php(167): App\\Http\\Middleware\\Cors->handle()
#22 C:\\Projects\\lara_dealer\\vendor\\laravel\\framework\\src\\Illuminate\\Foundation\\Http\\Middleware\\TransformsRequest.php(21): Illuminate\\Pipeline\\Pipeline->Illuminate\\Pipeline\\{closure}()
#23 C:\\Projects\\lara_dealer\\vendor\\laravel\\framework\\src\\Illuminate\\Pipeline\\Pipeline.php(167): Illuminate\\Foundation\\Http\\Middleware\\TransformsRequest->handle()
#24 C:\\Projects\\lara_dealer\\vendor\\laravel\\framework\\src\\Illuminate\\Foundation\\Http\\Middleware\\TransformsRequest.php(21): Illuminate\\Pipeline\\Pipeline->Illuminate\\Pipeline\\{closure}()
#25 C:\\Projects\\lara_dealer\\vendor\\laravel\\framework\\src\\Illuminate\\Pipeline\\Pipeline.php(167): Illuminate\\Foundation\\Http\\Middleware\\TransformsRequest->handle()
#26 C:\\Projects\\lara_dealer\\vendor\\laravel\\framework\\src\\Illuminate\\Foundation\\Http\\Middleware\\ValidatePostSize.php(27): Illuminate\\Pipeline\\Pipeline->Illuminate\\Pipeline\\{closure}()
#27 C:\\Projects\\lara_dealer\\vendor\\laravel\\framework\\src\\Illuminate\\Pipeline\\Pipeline.php(167): Illuminate\\Foundation\\Http\\Middleware\\ValidatePostSize->handle()
#28 C:\\Projects\\lara_dealer\\vendor\\laravel\\framework\\src\\Illuminate\\Foundation\\Http\\Middleware\\PreventRequestsDuringMaintenance.php(86): Illuminate\\Pipeline\\Pipeline->Illuminate\\Pipeline\\{closure}()
#29 C:\\Projects\\lara_dealer\\vendor\\laravel\\framework\\src\\Illuminate\\Pipeline\\Pipeline.php(167): Illuminate\\Foundation\\Http\\Middleware\\PreventRequestsDuringMaintenance->handle()
#30 C:\\Projects\\lara_dealer\\vendor\\fideloper\\proxy\\src\\TrustProxies.php(57): Illuminate\\Pipeline\\Pipeline->Illuminate\\Pipeline\\{closure}()
#31 C:\\Projects\\lara_dealer\\vendor\\laravel\\framework\\src\\Illuminate\\Pipeline\\Pipeline.php(167): Fideloper\\Proxy\\TrustProxies->handle()
#32 C:\\Projects\\lara_dealer\\vendor\\laravel\\framework\\src\\Illuminate\\Pipeline\\Pipeline.php(103): Illuminate\\Pipeline\\Pipeline->Illuminate\\Pipeline\\{closure}()
#33 C:\\Projects\\lara_dealer\\vendor\\laravel\\framework\\src\\Illuminate\\Foundation\\Http\\Kernel.php(141): Illuminate\\Pipeline\\Pipeline->then()
#34 C:\\Projects\\lara_dealer\\vendor\\laravel\\framework\\src\\Illuminate\\Foundation\\Http\\Kernel.php(110): Illuminate\\Foundation\\Http\\Kernel->sendRequestThroughRouter()
#35 C:\\Projects\\lara_dealer\\public\\index.php(52): Illuminate\\Foundation\\Http\\Kernel->handle()
#36 C:\\Projects\\lara_dealer\\server.php(21): require_once('C:\\\\Projects\\\\lar...')
#37 {main}
"} 
[2021-05-19 14:29:36] local.ERROR: Undefined index: sub_id {"exception":"[object] (ErrorException(code: 0): Undefined index: sub_id at C:\\Projects\\lara_dealer\\app\\Http\\Controllers\\SyncController.php:44)
[stacktrace]
#0 C:\\Projects\\lara_dealer\\app\\Http\\Controllers\\SyncController.php(44): Illuminate\\Foundation\\Bootstrap\\HandleExceptions->handleError()
#1 C:\\Projects\\lara_dealer\\app\\Http\\Controllers\\SyncController.php(29): App\\Http\\Controllers\\SyncController::syncCategoriesWithOldDealer()
#2 C:\\Projects\\lara_dealer\\vendor\\laravel\\framework\\src\\Illuminate\\Routing\\Controller.php(54): App\\Http\\Controllers\\SyncController::syncWithOldDealer()
#3 C:\\Projects\\lara_dealer\\vendor\\laravel\\framework\\src\\Illuminate\\Routing\\ControllerDispatcher.php(45): Illuminate\\Routing\\Controller->callAction()
#4 C:\\Projects\\lara_dealer\\vendor\\laravel\\framework\\src\\Illuminate\\Routing\\Route.php(254): Illuminate\\Routing\\ControllerDispatcher->dispatch()
#5 C:\\Projects\\lara_dealer\\vendor\\laravel\\framework\\src\\Illuminate\\Routing\\Route.php(197): Illuminate\\Routing\\Route->runController()
#6 C:\\Projects\\lara_dealer\\vendor\\laravel\\framework\\src\\Illuminate\\Routing\\Router.php(693): Illuminate\\Routing\\Route->run()
#7 C:\\Projects\\lara_dealer\\vendor\\laravel\\framework\\src\\Illuminate\\Pipeline\\Pipeline.php(128): Illuminate\\Routing\\Router->Illuminate\\Routing\\{closure}()
#8 C:\\Projects\\lara_dealer\\vendor\\laravel\\framework\\src\\Illuminate\\Routing\\Middleware\\SubstituteBindings.php(50): Illuminate\\Pipeline\\Pipeline->Illuminate\\Pipeline\\{closure}()
#9 C:\\Projects\\lara_dealer\\vendor\\laravel\\framework\\src\\Illuminate\\Pipeline\\Pipeline.php(167): Illuminate\\Routing\\Middleware\\SubstituteBindings->handle()
#10 C:\\Projects\\lara_dealer\\vendor\\laravel\\framework\\src\\Illuminate\\Routing\\Middleware\\ThrottleRequests.php(127): Illuminate\\Pipeline\\Pipeline->Illuminate\\Pipeline\\{closure}()
#11 C:\\Projects\\lara_dealer\\vendor\\laravel\\framework\\src\\Illuminate\\Routing\\Middleware\\ThrottleRequests.php(63): Illuminate\\Routing\\Middleware\\ThrottleRequests->handleRequest()
#12 C:\\Projects\\lara_dealer\\vendor\\laravel\\framework\\src\\Illuminate\\Pipeline\\Pipeline.php(167): Illuminate\\Routing\\Middleware\\ThrottleRequests->handle()
#13 C:\\Projects\\lara_dealer\\vendor\\laravel\\framework\\src\\Illuminate\\Pipeline\\Pipeline.php(103): Illuminate\\Pipeline\\Pipeline->Illuminate\\Pipeline\\{closure}()
#14 C:\\Projects\\lara_dealer\\vendor\\laravel\\framework\\src\\Illuminate\\Routing\\Router.php(695): Illuminate\\Pipeline\\Pipeline->then()
#15 C:\\Projects\\lara_dealer\\vendor\\laravel\\framework\\src\\Illuminate\\Routing\\Router.php(670): Illuminate\\Routing\\Router->runRouteWithinStack()
#16 C:\\Projects\\lara_dealer\\vendor\\laravel\\framework\\src\\Illuminate\\Routing\\Router.php(636): Illuminate\\Routing\\Router->runRoute()
#17 C:\\Projects\\lara_dealer\\vendor\\laravel\\framework\\src\\Illuminate\\Routing\\Router.php(625): Illuminate\\Routing\\Router->dispatchToRoute()
#18 C:\\Projects\\lara_dealer\\vendor\\laravel\\framework\\src\\Illuminate\\Foundation\\Http\\Kernel.php(166): Illuminate\\Routing\\Router->dispatch()
#19 C:\\Projects\\lara_dealer\\vendor\\laravel\\framework\\src\\Illuminate\\Pipeline\\Pipeline.php(128): Illuminate\\Foundation\\Http\\Kernel->Illuminate\\Foundation\\Http\\{closure}()
#20 C:\\Projects\\lara_dealer\\app\\Http\\Middleware\\Cors.php(18): Illuminate\\Pipeline\\Pipeline->Illuminate\\Pipeline\\{closure}()
#21 C:\\Projects\\lara_dealer\\vendor\\laravel\\framework\\src\\Illuminate\\Pipeline\\Pipeline.php(167): App\\Http\\Middleware\\Cors->handle()
#22 C:\\Projects\\lara_dealer\\vendor\\laravel\\framework\\src\\Illuminate\\Foundation\\Http\\Middleware\\TransformsRequest.php(21): Illuminate\\Pipeline\\Pipeline->Illuminate\\Pipeline\\{closure}()
#23 C:\\Projects\\lara_dealer\\vendor\\laravel\\framework\\src\\Illuminate\\Pipeline\\Pipeline.php(167): Illuminate\\Foundation\\Http\\Middleware\\TransformsRequest->handle()
#24 C:\\Projects\\lara_dealer\\vendor\\laravel\\framework\\src\\Illuminate\\Foundation\\Http\\Middleware\\TransformsRequest.php(21): Illuminate\\Pipeline\\Pipeline->Illuminate\\Pipeline\\{closure}()
#25 C:\\Projects\\lara_dealer\\vendor\\laravel\\framework\\src\\Illuminate\\Pipeline\\Pipeline.php(167): Illuminate\\Foundation\\Http\\Middleware\\TransformsRequest->handle()
#26 C:\\Projects\\lara_dealer\\vendor\\laravel\\framework\\src\\Illuminate\\Foundation\\Http\\Middleware\\ValidatePostSize.php(27): Illuminate\\Pipeline\\Pipeline->Illuminate\\Pipeline\\{closure}()
#27 C:\\Projects\\lara_dealer\\vendor\\laravel\\framework\\src\\Illuminate\\Pipeline\\Pipeline.php(167): Illuminate\\Foundation\\Http\\Middleware\\ValidatePostSize->handle()
#28 C:\\Projects\\lara_dealer\\vendor\\laravel\\framework\\src\\Illuminate\\Foundation\\Http\\Middleware\\PreventRequestsDuringMaintenance.php(86): Illuminate\\Pipeline\\Pipeline->Illuminate\\Pipeline\\{closure}()
#29 C:\\Projects\\lara_dealer\\vendor\\laravel\\framework\\src\\Illuminate\\Pipeline\\Pipeline.php(167): Illuminate\\Foundation\\Http\\Middleware\\PreventRequestsDuringMaintenance->handle()
#30 C:\\Projects\\lara_dealer\\vendor\\fideloper\\proxy\\src\\TrustProxies.php(57): Illuminate\\Pipeline\\Pipeline->Illuminate\\Pipeline\\{closure}()
#31 C:\\Projects\\lara_dealer\\vendor\\laravel\\framework\\src\\Illuminate\\Pipeline\\Pipeline.php(167): Fideloper\\Proxy\\TrustProxies->handle()
#32 C:\\Projects\\lara_dealer\\vendor\\laravel\\framework\\src\\Illuminate\\Pipeline\\Pipeline.php(103): Illuminate\\Pipeline\\Pipeline->Illuminate\\Pipeline\\{closure}()
#33 C:\\Projects\\lara_dealer\\vendor\\laravel\\framework\\src\\Illuminate\\Foundation\\Http\\Kernel.php(141): Illuminate\\Pipeline\\Pipeline->then()
#34 C:\\Projects\\lara_dealer\\vendor\\laravel\\framework\\src\\Illuminate\\Foundation\\Http\\Kernel.php(110): Illuminate\\Foundation\\Http\\Kernel->sendRequestThroughRouter()
#35 C:\\Projects\\lara_dealer\\public\\index.php(52): Illuminate\\Foundation\\Http\\Kernel->handle()
#36 C:\\Projects\\lara_dealer\\server.php(21): require_once('C:\\\\Projects\\\\lar...')
#37 {main}
"} 
[2021-05-19 14:31:33] local.ERROR: Undefined index: sub_id {"exception":"[object] (ErrorException(code: 0): Undefined index: sub_id at C:\\Projects\\lara_dealer\\app\\Http\\Controllers\\SyncController.php:47)
[stacktrace]
#0 C:\\Projects\\lara_dealer\\app\\Http\\Controllers\\SyncController.php(47): Illuminate\\Foundation\\Bootstrap\\HandleExceptions->handleError()
#1 C:\\Projects\\lara_dealer\\app\\Http\\Controllers\\SyncController.php(29): App\\Http\\Controllers\\SyncController::syncCategoriesWithOldDealer()
#2 C:\\Projects\\lara_dealer\\vendor\\laravel\\framework\\src\\Illuminate\\Routing\\Controller.php(54): App\\Http\\Controllers\\SyncController::syncWithOldDealer()
#3 C:\\Projects\\lara_dealer\\vendor\\laravel\\framework\\src\\Illuminate\\Routing\\ControllerDispatcher.php(45): Illuminate\\Routing\\Controller->callAction()
#4 C:\\Projects\\lara_dealer\\vendor\\laravel\\framework\\src\\Illuminate\\Routing\\Route.php(254): Illuminate\\Routing\\ControllerDispatcher->dispatch()
#5 C:\\Projects\\lara_dealer\\vendor\\laravel\\framework\\src\\Illuminate\\Routing\\Route.php(197): Illuminate\\Routing\\Route->runController()
#6 C:\\Projects\\lara_dealer\\vendor\\laravel\\framework\\src\\Illuminate\\Routing\\Router.php(693): Illuminate\\Routing\\Route->run()
#7 C:\\Projects\\lara_dealer\\vendor\\laravel\\framework\\src\\Illuminate\\Pipeline\\Pipeline.php(128): Illuminate\\Routing\\Router->Illuminate\\Routing\\{closure}()
#8 C:\\Projects\\lara_dealer\\vendor\\laravel\\framework\\src\\Illuminate\\Routing\\Middleware\\SubstituteBindings.php(50): Illuminate\\Pipeline\\Pipeline->Illuminate\\Pipeline\\{closure}()
#9 C:\\Projects\\lara_dealer\\vendor\\laravel\\framework\\src\\Illuminate\\Pipeline\\Pipeline.php(167): Illuminate\\Routing\\Middleware\\SubstituteBindings->handle()
#10 C:\\Projects\\lara_dealer\\vendor\\laravel\\framework\\src\\Illuminate\\Routing\\Middleware\\ThrottleRequests.php(127): Illuminate\\Pipeline\\Pipeline->Illuminate\\Pipeline\\{closure}()
#11 C:\\Projects\\lara_dealer\\vendor\\laravel\\framework\\src\\Illuminate\\Routing\\Middleware\\ThrottleRequests.php(63): Illuminate\\Routing\\Middleware\\ThrottleRequests->handleRequest()
#12 C:\\Projects\\lara_dealer\\vendor\\laravel\\framework\\src\\Illuminate\\Pipeline\\Pipeline.php(167): Illuminate\\Routing\\Middleware\\ThrottleRequests->handle()
#13 C:\\Projects\\lara_dealer\\vendor\\laravel\\framework\\src\\Illuminate\\Pipeline\\Pipeline.php(103): Illuminate\\Pipeline\\Pipeline->Illuminate\\Pipeline\\{closure}()
#14 C:\\Projects\\lara_dealer\\vendor\\laravel\\framework\\src\\Illuminate\\Routing\\Router.php(695): Illuminate\\Pipeline\\Pipeline->then()
#15 C:\\Projects\\lara_dealer\\vendor\\laravel\\framework\\src\\Illuminate\\Routing\\Router.php(670): Illuminate\\Routing\\Router->runRouteWithinStack()
#16 C:\\Projects\\lara_dealer\\vendor\\laravel\\framework\\src\\Illuminate\\Routing\\Router.php(636): Illuminate\\Routing\\Router->runRoute()
#17 C:\\Projects\\lara_dealer\\vendor\\laravel\\framework\\src\\Illuminate\\Routing\\Router.php(625): Illuminate\\Routing\\Router->dispatchToRoute()
#18 C:\\Projects\\lara_dealer\\vendor\\laravel\\framework\\src\\Illuminate\\Foundation\\Http\\Kernel.php(166): Illuminate\\Routing\\Router->dispatch()
#19 C:\\Projects\\lara_dealer\\vendor\\laravel\\framework\\src\\Illuminate\\Pipeline\\Pipeline.php(128): Illuminate\\Foundation\\Http\\Kernel->Illuminate\\Foundation\\Http\\{closure}()
#20 C:\\Projects\\lara_dealer\\app\\Http\\Middleware\\Cors.php(18): Illuminate\\Pipeline\\Pipeline->Illuminate\\Pipeline\\{closure}()
#21 C:\\Projects\\lara_dealer\\vendor\\laravel\\framework\\src\\Illuminate\\Pipeline\\Pipeline.php(167): App\\Http\\Middleware\\Cors->handle()
#22 C:\\Projects\\lara_dealer\\vendor\\laravel\\framework\\src\\Illuminate\\Foundation\\Http\\Middleware\\TransformsRequest.php(21): Illuminate\\Pipeline\\Pipeline->Illuminate\\Pipeline\\{closure}()
#23 C:\\Projects\\lara_dealer\\vendor\\laravel\\framework\\src\\Illuminate\\Pipeline\\Pipeline.php(167): Illuminate\\Foundation\\Http\\Middleware\\TransformsRequest->handle()
#24 C:\\Projects\\lara_dealer\\vendor\\laravel\\framework\\src\\Illuminate\\Foundation\\Http\\Middleware\\TransformsRequest.php(21): Illuminate\\Pipeline\\Pipeline->Illuminate\\Pipeline\\{closure}()
#25 C:\\Projects\\lara_dealer\\vendor\\laravel\\framework\\src\\Illuminate\\Pipeline\\Pipeline.php(167): Illuminate\\Foundation\\Http\\Middleware\\TransformsRequest->handle()
#26 C:\\Projects\\lara_dealer\\vendor\\laravel\\framework\\src\\Illuminate\\Foundation\\Http\\Middleware\\ValidatePostSize.php(27): Illuminate\\Pipeline\\Pipeline->Illuminate\\Pipeline\\{closure}()
#27 C:\\Projects\\lara_dealer\\vendor\\laravel\\framework\\src\\Illuminate\\Pipeline\\Pipeline.php(167): Illuminate\\Foundation\\Http\\Middleware\\ValidatePostSize->handle()
#28 C:\\Projects\\lara_dealer\\vendor\\laravel\\framework\\src\\Illuminate\\Foundation\\Http\\Middleware\\PreventRequestsDuringMaintenance.php(86): Illuminate\\Pipeline\\Pipeline->Illuminate\\Pipeline\\{closure}()
#29 C:\\Projects\\lara_dealer\\vendor\\laravel\\framework\\src\\Illuminate\\Pipeline\\Pipeline.php(167): Illuminate\\Foundation\\Http\\Middleware\\PreventRequestsDuringMaintenance->handle()
#30 C:\\Projects\\lara_dealer\\vendor\\fideloper\\proxy\\src\\TrustProxies.php(57): Illuminate\\Pipeline\\Pipeline->Illuminate\\Pipeline\\{closure}()
#31 C:\\Projects\\lara_dealer\\vendor\\laravel\\framework\\src\\Illuminate\\Pipeline\\Pipeline.php(167): Fideloper\\Proxy\\TrustProxies->handle()
#32 C:\\Projects\\lara_dealer\\vendor\\laravel\\framework\\src\\Illuminate\\Pipeline\\Pipeline.php(103): Illuminate\\Pipeline\\Pipeline->Illuminate\\Pipeline\\{closure}()
#33 C:\\Projects\\lara_dealer\\vendor\\laravel\\framework\\src\\Illuminate\\Foundation\\Http\\Kernel.php(141): Illuminate\\Pipeline\\Pipeline->then()
#34 C:\\Projects\\lara_dealer\\vendor\\laravel\\framework\\src\\Illuminate\\Foundation\\Http\\Kernel.php(110): Illuminate\\Foundation\\Http\\Kernel->sendRequestThroughRouter()
#35 C:\\Projects\\lara_dealer\\public\\index.php(52): Illuminate\\Foundation\\Http\\Kernel->handle()
#36 C:\\Projects\\lara_dealer\\server.php(21): require_once('C:\\\\Projects\\\\lar...')
#37 {main}
"} 
[2021-05-19 14:32:57] local.ERROR: Undefined index: id {"exception":"[object] (ErrorException(code: 0): Undefined index: id at C:\\Projects\\lara_dealer\\app\\Http\\Controllers\\SyncController.php:44)
[stacktrace]
#0 C:\\Projects\\lara_dealer\\app\\Http\\Controllers\\SyncController.php(44): Illuminate\\Foundation\\Bootstrap\\HandleExceptions->handleError()
#1 C:\\Projects\\lara_dealer\\app\\Http\\Controllers\\SyncController.php(29): App\\Http\\Controllers\\SyncController::syncCategoriesWithOldDealer()
#2 C:\\Projects\\lara_dealer\\vendor\\laravel\\framework\\src\\Illuminate\\Routing\\Controller.php(54): App\\Http\\Controllers\\SyncController::syncWithOldDealer()
#3 C:\\Projects\\lara_dealer\\vendor\\laravel\\framework\\src\\Illuminate\\Routing\\ControllerDispatcher.php(45): Illuminate\\Routing\\Controller->callAction()
#4 C:\\Projects\\lara_dealer\\vendor\\laravel\\framework\\src\\Illuminate\\Routing\\Route.php(254): Illuminate\\Routing\\ControllerDispatcher->dispatch()
#5 C:\\Projects\\lara_dealer\\vendor\\laravel\\framework\\src\\Illuminate\\Routing\\Route.php(197): Illuminate\\Routing\\Route->runController()
#6 C:\\Projects\\lara_dealer\\vendor\\laravel\\framework\\src\\Illuminate\\Routing\\Router.php(693): Illuminate\\Routing\\Route->run()
#7 C:\\Projects\\lara_dealer\\vendor\\laravel\\framework\\src\\Illuminate\\Pipeline\\Pipeline.php(128): Illuminate\\Routing\\Router->Illuminate\\Routing\\{closure}()
#8 C:\\Projects\\lara_dealer\\vendor\\laravel\\framework\\src\\Illuminate\\Routing\\Middleware\\SubstituteBindings.php(50): Illuminate\\Pipeline\\Pipeline->Illuminate\\Pipeline\\{closure}()
#9 C:\\Projects\\lara_dealer\\vendor\\laravel\\framework\\src\\Illuminate\\Pipeline\\Pipeline.php(167): Illuminate\\Routing\\Middleware\\SubstituteBindings->handle()
#10 C:\\Projects\\lara_dealer\\vendor\\laravel\\framework\\src\\Illuminate\\Routing\\Middleware\\ThrottleRequests.php(127): Illuminate\\Pipeline\\Pipeline->Illuminate\\Pipeline\\{closure}()
#11 C:\\Projects\\lara_dealer\\vendor\\laravel\\framework\\src\\Illuminate\\Routing\\Middleware\\ThrottleRequests.php(63): Illuminate\\Routing\\Middleware\\ThrottleRequests->handleRequest()
#12 C:\\Projects\\lara_dealer\\vendor\\laravel\\framework\\src\\Illuminate\\Pipeline\\Pipeline.php(167): Illuminate\\Routing\\Middleware\\ThrottleRequests->handle()
#13 C:\\Projects\\lara_dealer\\vendor\\laravel\\framework\\src\\Illuminate\\Pipeline\\Pipeline.php(103): Illuminate\\Pipeline\\Pipeline->Illuminate\\Pipeline\\{closure}()
#14 C:\\Projects\\lara_dealer\\vendor\\laravel\\framework\\src\\Illuminate\\Routing\\Router.php(695): Illuminate\\Pipeline\\Pipeline->then()
#15 C:\\Projects\\lara_dealer\\vendor\\laravel\\framework\\src\\Illuminate\\Routing\\Router.php(670): Illuminate\\Routing\\Router->runRouteWithinStack()
#16 C:\\Projects\\lara_dealer\\vendor\\laravel\\framework\\src\\Illuminate\\Routing\\Router.php(636): Illuminate\\Routing\\Router->runRoute()
#17 C:\\Projects\\lara_dealer\\vendor\\laravel\\framework\\src\\Illuminate\\Routing\\Router.php(625): Illuminate\\Routing\\Router->dispatchToRoute()
#18 C:\\Projects\\lara_dealer\\vendor\\laravel\\framework\\src\\Illuminate\\Foundation\\Http\\Kernel.php(166): Illuminate\\Routing\\Router->dispatch()
#19 C:\\Projects\\lara_dealer\\vendor\\laravel\\framework\\src\\Illuminate\\Pipeline\\Pipeline.php(128): Illuminate\\Foundation\\Http\\Kernel->Illuminate\\Foundation\\Http\\{closure}()
#20 C:\\Projects\\lara_dealer\\app\\Http\\Middleware\\Cors.php(18): Illuminate\\Pipeline\\Pipeline->Illuminate\\Pipeline\\{closure}()
#21 C:\\Projects\\lara_dealer\\vendor\\laravel\\framework\\src\\Illuminate\\Pipeline\\Pipeline.php(167): App\\Http\\Middleware\\Cors->handle()
#22 C:\\Projects\\lara_dealer\\vendor\\laravel\\framework\\src\\Illuminate\\Foundation\\Http\\Middleware\\TransformsRequest.php(21): Illuminate\\Pipeline\\Pipeline->Illuminate\\Pipeline\\{closure}()
#23 C:\\Projects\\lara_dealer\\vendor\\laravel\\framework\\src\\Illuminate\\Pipeline\\Pipeline.php(167): Illuminate\\Foundation\\Http\\Middleware\\TransformsRequest->handle()
#24 C:\\Projects\\lara_dealer\\vendor\\laravel\\framework\\src\\Illuminate\\Foundation\\Http\\Middleware\\TransformsRequest.php(21): Illuminate\\Pipeline\\Pipeline->Illuminate\\Pipeline\\{closure}()
#25 C:\\Projects\\lara_dealer\\vendor\\laravel\\framework\\src\\Illuminate\\Pipeline\\Pipeline.php(167): Illuminate\\Foundation\\Http\\Middleware\\TransformsRequest->handle()
#26 C:\\Projects\\lara_dealer\\vendor\\laravel\\framework\\src\\Illuminate\\Foundation\\Http\\Middleware\\ValidatePostSize.php(27): Illuminate\\Pipeline\\Pipeline->Illuminate\\Pipeline\\{closure}()
#27 C:\\Projects\\lara_dealer\\vendor\\laravel\\framework\\src\\Illuminate\\Pipeline\\Pipeline.php(167): Illuminate\\Foundation\\Http\\Middleware\\ValidatePostSize->handle()
#28 C:\\Projects\\lara_dealer\\vendor\\laravel\\framework\\src\\Illuminate\\Foundation\\Http\\Middleware\\PreventRequestsDuringMaintenance.php(86): Illuminate\\Pipeline\\Pipeline->Illuminate\\Pipeline\\{closure}()
#29 C:\\Projects\\lara_dealer\\vendor\\laravel\\framework\\src\\Illuminate\\Pipeline\\Pipeline.php(167): Illuminate\\Foundation\\Http\\Middleware\\PreventRequestsDuringMaintenance->handle()
#30 C:\\Projects\\lara_dealer\\vendor\\fideloper\\proxy\\src\\TrustProxies.php(57): Illuminate\\Pipeline\\Pipeline->Illuminate\\Pipeline\\{closure}()
#31 C:\\Projects\\lara_dealer\\vendor\\laravel\\framework\\src\\Illuminate\\Pipeline\\Pipeline.php(167): Fideloper\\Proxy\\TrustProxies->handle()
#32 C:\\Projects\\lara_dealer\\vendor\\laravel\\framework\\src\\Illuminate\\Pipeline\\Pipeline.php(103): Illuminate\\Pipeline\\Pipeline->Illuminate\\Pipeline\\{closure}()
#33 C:\\Projects\\lara_dealer\\vendor\\laravel\\framework\\src\\Illuminate\\Foundation\\Http\\Kernel.php(141): Illuminate\\Pipeline\\Pipeline->then()
#34 C:\\Projects\\lara_dealer\\vendor\\laravel\\framework\\src\\Illuminate\\Foundation\\Http\\Kernel.php(110): Illuminate\\Foundation\\Http\\Kernel->sendRequestThroughRouter()
#35 C:\\Projects\\lara_dealer\\public\\index.php(52): Illuminate\\Foundation\\Http\\Kernel->handle()
#36 C:\\Projects\\lara_dealer\\server.php(21): require_once('C:\\\\Projects\\\\lar...')
#37 {main}
"} 
[2021-05-19 14:35:49] local.ERROR: Undefined index: id {"exception":"[object] (ErrorException(code: 0): Undefined index: id at C:\\Projects\\lara_dealer\\app\\Http\\Controllers\\SyncController.php:44)
[stacktrace]
#0 C:\\Projects\\lara_dealer\\app\\Http\\Controllers\\SyncController.php(44): Illuminate\\Foundation\\Bootstrap\\HandleExceptions->handleError()
#1 C:\\Projects\\lara_dealer\\app\\Http\\Controllers\\SyncController.php(29): App\\Http\\Controllers\\SyncController::syncCategoriesWithOldDealer()
#2 C:\\Projects\\lara_dealer\\vendor\\laravel\\framework\\src\\Illuminate\\Routing\\Controller.php(54): App\\Http\\Controllers\\SyncController::syncWithOldDealer()
#3 C:\\Projects\\lara_dealer\\vendor\\laravel\\framework\\src\\Illuminate\\Routing\\ControllerDispatcher.php(45): Illuminate\\Routing\\Controller->callAction()
#4 C:\\Projects\\lara_dealer\\vendor\\laravel\\framework\\src\\Illuminate\\Routing\\Route.php(254): Illuminate\\Routing\\ControllerDispatcher->dispatch()
#5 C:\\Projects\\lara_dealer\\vendor\\laravel\\framework\\src\\Illuminate\\Routing\\Route.php(197): Illuminate\\Routing\\Route->runController()
#6 C:\\Projects\\lara_dealer\\vendor\\laravel\\framework\\src\\Illuminate\\Routing\\Router.php(693): Illuminate\\Routing\\Route->run()
#7 C:\\Projects\\lara_dealer\\vendor\\laravel\\framework\\src\\Illuminate\\Pipeline\\Pipeline.php(128): Illuminate\\Routing\\Router->Illuminate\\Routing\\{closure}()
#8 C:\\Projects\\lara_dealer\\vendor\\laravel\\framework\\src\\Illuminate\\Routing\\Middleware\\SubstituteBindings.php(50): Illuminate\\Pipeline\\Pipeline->Illuminate\\Pipeline\\{closure}()
#9 C:\\Projects\\lara_dealer\\vendor\\laravel\\framework\\src\\Illuminate\\Pipeline\\Pipeline.php(167): Illuminate\\Routing\\Middleware\\SubstituteBindings->handle()
#10 C:\\Projects\\lara_dealer\\vendor\\laravel\\framework\\src\\Illuminate\\Routing\\Middleware\\ThrottleRequests.php(127): Illuminate\\Pipeline\\Pipeline->Illuminate\\Pipeline\\{closure}()
#11 C:\\Projects\\lara_dealer\\vendor\\laravel\\framework\\src\\Illuminate\\Routing\\Middleware\\ThrottleRequests.php(63): Illuminate\\Routing\\Middleware\\ThrottleRequests->handleRequest()
#12 C:\\Projects\\lara_dealer\\vendor\\laravel\\framework\\src\\Illuminate\\Pipeline\\Pipeline.php(167): Illuminate\\Routing\\Middleware\\ThrottleRequests->handle()
#13 C:\\Projects\\lara_dealer\\vendor\\laravel\\framework\\src\\Illuminate\\Pipeline\\Pipeline.php(103): Illuminate\\Pipeline\\Pipeline->Illuminate\\Pipeline\\{closure}()
#14 C:\\Projects\\lara_dealer\\vendor\\laravel\\framework\\src\\Illuminate\\Routing\\Router.php(695): Illuminate\\Pipeline\\Pipeline->then()
#15 C:\\Projects\\lara_dealer\\vendor\\laravel\\framework\\src\\Illuminate\\Routing\\Router.php(670): Illuminate\\Routing\\Router->runRouteWithinStack()
#16 C:\\Projects\\lara_dealer\\vendor\\laravel\\framework\\src\\Illuminate\\Routing\\Router.php(636): Illuminate\\Routing\\Router->runRoute()
#17 C:\\Projects\\lara_dealer\\vendor\\laravel\\framework\\src\\Illuminate\\Routing\\Router.php(625): Illuminate\\Routing\\Router->dispatchToRoute()
#18 C:\\Projects\\lara_dealer\\vendor\\laravel\\framework\\src\\Illuminate\\Foundation\\Http\\Kernel.php(166): Illuminate\\Routing\\Router->dispatch()
#19 C:\\Projects\\lara_dealer\\vendor\\laravel\\framework\\src\\Illuminate\\Pipeline\\Pipeline.php(128): Illuminate\\Foundation\\Http\\Kernel->Illuminate\\Foundation\\Http\\{closure}()
#20 C:\\Projects\\lara_dealer\\app\\Http\\Middleware\\Cors.php(18): Illuminate\\Pipeline\\Pipeline->Illuminate\\Pipeline\\{closure}()
#21 C:\\Projects\\lara_dealer\\vendor\\laravel\\framework\\src\\Illuminate\\Pipeline\\Pipeline.php(167): App\\Http\\Middleware\\Cors->handle()
#22 C:\\Projects\\lara_dealer\\vendor\\laravel\\framework\\src\\Illuminate\\Foundation\\Http\\Middleware\\TransformsRequest.php(21): Illuminate\\Pipeline\\Pipeline->Illuminate\\Pipeline\\{closure}()
#23 C:\\Projects\\lara_dealer\\vendor\\laravel\\framework\\src\\Illuminate\\Pipeline\\Pipeline.php(167): Illuminate\\Foundation\\Http\\Middleware\\TransformsRequest->handle()
#24 C:\\Projects\\lara_dealer\\vendor\\laravel\\framework\\src\\Illuminate\\Foundation\\Http\\Middleware\\TransformsRequest.php(21): Illuminate\\Pipeline\\Pipeline->Illuminate\\Pipeline\\{closure}()
#25 C:\\Projects\\lara_dealer\\vendor\\laravel\\framework\\src\\Illuminate\\Pipeline\\Pipeline.php(167): Illuminate\\Foundation\\Http\\Middleware\\TransformsRequest->handle()
#26 C:\\Projects\\lara_dealer\\vendor\\laravel\\framework\\src\\Illuminate\\Foundation\\Http\\Middleware\\ValidatePostSize.php(27): Illuminate\\Pipeline\\Pipeline->Illuminate\\Pipeline\\{closure}()
#27 C:\\Projects\\lara_dealer\\vendor\\laravel\\framework\\src\\Illuminate\\Pipeline\\Pipeline.php(167): Illuminate\\Foundation\\Http\\Middleware\\ValidatePostSize->handle()
#28 C:\\Projects\\lara_dealer\\vendor\\laravel\\framework\\src\\Illuminate\\Foundation\\Http\\Middleware\\PreventRequestsDuringMaintenance.php(86): Illuminate\\Pipeline\\Pipeline->Illuminate\\Pipeline\\{closure}()
#29 C:\\Projects\\lara_dealer\\vendor\\laravel\\framework\\src\\Illuminate\\Pipeline\\Pipeline.php(167): Illuminate\\Foundation\\Http\\Middleware\\PreventRequestsDuringMaintenance->handle()
#30 C:\\Projects\\lara_dealer\\vendor\\fideloper\\proxy\\src\\TrustProxies.php(57): Illuminate\\Pipeline\\Pipeline->Illuminate\\Pipeline\\{closure}()
#31 C:\\Projects\\lara_dealer\\vendor\\laravel\\framework\\src\\Illuminate\\Pipeline\\Pipeline.php(167): Fideloper\\Proxy\\TrustProxies->handle()
#32 C:\\Projects\\lara_dealer\\vendor\\laravel\\framework\\src\\Illuminate\\Pipeline\\Pipeline.php(103): Illuminate\\Pipeline\\Pipeline->Illuminate\\Pipeline\\{closure}()
#33 C:\\Projects\\lara_dealer\\vendor\\laravel\\framework\\src\\Illuminate\\Foundation\\Http\\Kernel.php(141): Illuminate\\Pipeline\\Pipeline->then()
#34 C:\\Projects\\lara_dealer\\vendor\\laravel\\framework\\src\\Illuminate\\Foundation\\Http\\Kernel.php(110): Illuminate\\Foundation\\Http\\Kernel->sendRequestThroughRouter()
#35 C:\\Projects\\lara_dealer\\public\\index.php(52): Illuminate\\Foundation\\Http\\Kernel->handle()
#36 C:\\Projects\\lara_dealer\\server.php(21): require_once('C:\\\\Projects\\\\lar...')
#37 {main}
"} 
[2021-05-19 14:38:14] local.ERROR: Route [login] not defined. {"exception":"[object] (Symfony\\Component\\Routing\\Exception\\RouteNotFoundException(code: 0): Route [login] not defined. at C:\\Projects\\lara_dealer\\vendor\\laravel\\framework\\src\\Illuminate\\Routing\\UrlGenerator.php:429)
[stacktrace]
#0 C:\\Projects\\lara_dealer\\vendor\\laravel\\framework\\src\\Illuminate\\Foundation\\helpers.php(708): Illuminate\\Routing\\UrlGenerator->route()
#1 C:\\Projects\\lara_dealer\\app\\Http\\Middleware\\Authenticate.php(18): route()
#2 C:\\Projects\\lara_dealer\\vendor\\laravel\\framework\\src\\Illuminate\\Auth\\Middleware\\Authenticate.php(83): App\\Http\\Middleware\\Authenticate->redirectTo()
#3 C:\\Projects\\lara_dealer\\vendor\\laravel\\framework\\src\\Illuminate\\Auth\\Middleware\\Authenticate.php(68): Illuminate\\Auth\\Middleware\\Authenticate->unauthenticated()
#4 C:\\Projects\\lara_dealer\\vendor\\laravel\\framework\\src\\Illuminate\\Auth\\Middleware\\Authenticate.php(42): Illuminate\\Auth\\Middleware\\Authenticate->authenticate()
#5 C:\\Projects\\lara_dealer\\vendor\\laravel\\framework\\src\\Illuminate\\Pipeline\\Pipeline.php(167): Illuminate\\Auth\\Middleware\\Authenticate->handle()
#6 C:\\Projects\\lara_dealer\\vendor\\laravel\\framework\\src\\Illuminate\\Routing\\Middleware\\ThrottleRequests.php(127): Illuminate\\Pipeline\\Pipeline->Illuminate\\Pipeline\\{closure}()
#7 C:\\Projects\\lara_dealer\\vendor\\laravel\\framework\\src\\Illuminate\\Routing\\Middleware\\ThrottleRequests.php(63): Illuminate\\Routing\\Middleware\\ThrottleRequests->handleRequest()
#8 C:\\Projects\\lara_dealer\\vendor\\laravel\\framework\\src\\Illuminate\\Pipeline\\Pipeline.php(167): Illuminate\\Routing\\Middleware\\ThrottleRequests->handle()
#9 C:\\Projects\\lara_dealer\\vendor\\laravel\\framework\\src\\Illuminate\\Pipeline\\Pipeline.php(103): Illuminate\\Pipeline\\Pipeline->Illuminate\\Pipeline\\{closure}()
#10 C:\\Projects\\lara_dealer\\vendor\\laravel\\framework\\src\\Illuminate\\Routing\\Router.php(695): Illuminate\\Pipeline\\Pipeline->then()
#11 C:\\Projects\\lara_dealer\\vendor\\laravel\\framework\\src\\Illuminate\\Routing\\Router.php(670): Illuminate\\Routing\\Router->runRouteWithinStack()
#12 C:\\Projects\\lara_dealer\\vendor\\laravel\\framework\\src\\Illuminate\\Routing\\Router.php(636): Illuminate\\Routing\\Router->runRoute()
#13 C:\\Projects\\lara_dealer\\vendor\\laravel\\framework\\src\\Illuminate\\Routing\\Router.php(625): Illuminate\\Routing\\Router->dispatchToRoute()
#14 C:\\Projects\\lara_dealer\\vendor\\laravel\\framework\\src\\Illuminate\\Foundation\\Http\\Kernel.php(166): Illuminate\\Routing\\Router->dispatch()
#15 C:\\Projects\\lara_dealer\\vendor\\laravel\\framework\\src\\Illuminate\\Pipeline\\Pipeline.php(128): Illuminate\\Foundation\\Http\\Kernel->Illuminate\\Foundation\\Http\\{closure}()
#16 C:\\Projects\\lara_dealer\\app\\Http\\Middleware\\Cors.php(18): Illuminate\\Pipeline\\Pipeline->Illuminate\\Pipeline\\{closure}()
#17 C:\\Projects\\lara_dealer\\vendor\\laravel\\framework\\src\\Illuminate\\Pipeline\\Pipeline.php(167): App\\Http\\Middleware\\Cors->handle()
#18 C:\\Projects\\lara_dealer\\vendor\\laravel\\framework\\src\\Illuminate\\Foundation\\Http\\Middleware\\TransformsRequest.php(21): Illuminate\\Pipeline\\Pipeline->Illuminate\\Pipeline\\{closure}()
#19 C:\\Projects\\lara_dealer\\vendor\\laravel\\framework\\src\\Illuminate\\Pipeline\\Pipeline.php(167): Illuminate\\Foundation\\Http\\Middleware\\TransformsRequest->handle()
#20 C:\\Projects\\lara_dealer\\vendor\\laravel\\framework\\src\\Illuminate\\Foundation\\Http\\Middleware\\TransformsRequest.php(21): Illuminate\\Pipeline\\Pipeline->Illuminate\\Pipeline\\{closure}()
#21 C:\\Projects\\lara_dealer\\vendor\\laravel\\framework\\src\\Illuminate\\Pipeline\\Pipeline.php(167): Illuminate\\Foundation\\Http\\Middleware\\TransformsRequest->handle()
#22 C:\\Projects\\lara_dealer\\vendor\\laravel\\framework\\src\\Illuminate\\Foundation\\Http\\Middleware\\ValidatePostSize.php(27): Illuminate\\Pipeline\\Pipeline->Illuminate\\Pipeline\\{closure}()
#23 C:\\Projects\\lara_dealer\\vendor\\laravel\\framework\\src\\Illuminate\\Pipeline\\Pipeline.php(167): Illuminate\\Foundation\\Http\\Middleware\\ValidatePostSize->handle()
#24 C:\\Projects\\lara_dealer\\vendor\\laravel\\framework\\src\\Illuminate\\Foundation\\Http\\Middleware\\PreventRequestsDuringMaintenance.php(86): Illuminate\\Pipeline\\Pipeline->Illuminate\\Pipeline\\{closure}()
#25 C:\\Projects\\lara_dealer\\vendor\\laravel\\framework\\src\\Illuminate\\Pipeline\\Pipeline.php(167): Illuminate\\Foundation\\Http\\Middleware\\PreventRequestsDuringMaintenance->handle()
#26 C:\\Projects\\lara_dealer\\vendor\\fideloper\\proxy\\src\\TrustProxies.php(57): Illuminate\\Pipeline\\Pipeline->Illuminate\\Pipeline\\{closure}()
#27 C:\\Projects\\lara_dealer\\vendor\\laravel\\framework\\src\\Illuminate\\Pipeline\\Pipeline.php(167): Fideloper\\Proxy\\TrustProxies->handle()
#28 C:\\Projects\\lara_dealer\\vendor\\laravel\\framework\\src\\Illuminate\\Pipeline\\Pipeline.php(103): Illuminate\\Pipeline\\Pipeline->Illuminate\\Pipeline\\{closure}()
#29 C:\\Projects\\lara_dealer\\vendor\\laravel\\framework\\src\\Illuminate\\Foundation\\Http\\Kernel.php(141): Illuminate\\Pipeline\\Pipeline->then()
#30 C:\\Projects\\lara_dealer\\vendor\\laravel\\framework\\src\\Illuminate\\Foundation\\Http\\Kernel.php(110): Illuminate\\Foundation\\Http\\Kernel->sendRequestThroughRouter()
#31 C:\\Projects\\lara_dealer\\public\\index.php(52): Illuminate\\Foundation\\Http\\Kernel->handle()
#32 C:\\Projects\\lara_dealer\\server.php(21): require_once('C:\\\\Projects\\\\lar...')
#33 {main}
"} 
