[2021-04-29 05:58:51] local.ERROR: Route [login] not defined. {"exception":"[object] (Symfony\\Component\\Routing\\Exception\\RouteNotFoundException(code: 0): Route [login] not defined. at C:\\Projects\\lara_dealer\\vendor\\laravel\\framework\\src\\Illuminate\\Routing\\UrlGenerator.php:429)
[stacktrace]
#0 C:\\Projects\\lara_dealer\\vendor\\laravel\\framework\\src\\Illuminate\\Foundation\\helpers.php(708): Illuminate\\Routing\\UrlGenerator->route()
#1 C:\\Projects\\lara_dealer\\app\\Http\\Middleware\\Authenticate.php(18): route()
#2 C:\\Projects\\lara_dealer\\vendor\\laravel\\framework\\src\\Illuminate\\Auth\\Middleware\\Authenticate.php(83): App\\Http\\Middleware\\Authenticate->redirectTo()
#3 C:\\Projects\\lara_dealer\\vendor\\laravel\\framework\\src\\Illuminate\\Auth\\Middleware\\Authenticate.php(68): Illuminate\\Auth\\Middleware\\Authenticate->unauthenticated()
#4 C:\\Projects\\lara_dealer\\vendor\\laravel\\framework\\src\\Illuminate\\Auth\\Middleware\\Authenticate.php(42): Illuminate\\Auth\\Middleware\\Authenticate->authenticate()
#5 C:\\Projects\\lara_dealer\\vendor\\laravel\\framework\\src\\Illuminate\\Pipeline\\Pipeline.php(167): Illuminate\\Auth\\Middleware\\Authenticate->handle()
#6 C:\\Projects\\lara_dealer\\vendor\\laravel\\framework\\src\\Illuminate\\Routing\\Middleware\\ThrottleRequests.php(127): Illuminate\\Pipeline\\Pipeline->Illuminate\\Pipeline\\{closure}()
#7 C:\\Projects\\lara_dealer\\vendor\\laravel\\framework\\src\\Illuminate\\Routing\\Middleware\\ThrottleRequests.php(63): Illuminate\\Routing\\Middleware\\ThrottleRequests->handleRequest()
#8 C:\\Projects\\lara_dealer\\vendor\\laravel\\framework\\src\\Illuminate\\Pipeline\\Pipeline.php(167): Illuminate\\Routing\\Middleware\\ThrottleRequests->handle()
#9 C:\\Projects\\lara_dealer\\vendor\\laravel\\framework\\src\\Illuminate\\Pipeline\\Pipeline.php(103): Illuminate\\Pipeline\\Pipeline->Illuminate\\Pipeline\\{closure}()
#10 C:\\Projects\\lara_dealer\\vendor\\laravel\\framework\\src\\Illuminate\\Routing\\Router.php(695): Illuminate\\Pipeline\\Pipeline->then()
#11 C:\\Projects\\lara_dealer\\vendor\\laravel\\framework\\src\\Illuminate\\Routing\\Router.php(670): Illuminate\\Routing\\Router->runRouteWithinStack()
#12 C:\\Projects\\lara_dealer\\vendor\\laravel\\framework\\src\\Illuminate\\Routing\\Router.php(636): Illuminate\\Routing\\Router->runRoute()
#13 C:\\Projects\\lara_dealer\\vendor\\laravel\\framework\\src\\Illuminate\\Routing\\Router.php(625): Illuminate\\Routing\\Router->dispatchToRoute()
#14 C:\\Projects\\lara_dealer\\vendor\\laravel\\framework\\src\\Illuminate\\Foundation\\Http\\Kernel.php(166): Illuminate\\Routing\\Router->dispatch()
#15 C:\\Projects\\lara_dealer\\vendor\\laravel\\framework\\src\\Illuminate\\Pipeline\\Pipeline.php(128): Illuminate\\Foundation\\Http\\Kernel->Illuminate\\Foundation\\Http\\{closure}()
#16 C:\\Projects\\lara_dealer\\app\\Http\\Middleware\\Cors.php(18): Illuminate\\Pipeline\\Pipeline->Illuminate\\Pipeline\\{closure}()
#17 C:\\Projects\\lara_dealer\\vendor\\laravel\\framework\\src\\Illuminate\\Pipeline\\Pipeline.php(167): App\\Http\\Middleware\\Cors->handle()
#18 C:\\Projects\\lara_dealer\\vendor\\laravel\\framework\\src\\Illuminate\\Foundation\\Http\\Middleware\\TransformsRequest.php(21): Illuminate\\Pipeline\\Pipeline->Illuminate\\Pipeline\\{closure}()
#19 C:\\Projects\\lara_dealer\\vendor\\laravel\\framework\\src\\Illuminate\\Pipeline\\Pipeline.php(167): Illuminate\\Foundation\\Http\\Middleware\\TransformsRequest->handle()
#20 C:\\Projects\\lara_dealer\\vendor\\laravel\\framework\\src\\Illuminate\\Foundation\\Http\\Middleware\\TransformsRequest.php(21): Illuminate\\Pipeline\\Pipeline->Illuminate\\Pipeline\\{closure}()
#21 C:\\Projects\\lara_dealer\\vendor\\laravel\\framework\\src\\Illuminate\\Pipeline\\Pipeline.php(167): Illuminate\\Foundation\\Http\\Middleware\\TransformsRequest->handle()
#22 C:\\Projects\\lara_dealer\\vendor\\laravel\\framework\\src\\Illuminate\\Foundation\\Http\\Middleware\\ValidatePostSize.php(27): Illuminate\\Pipeline\\Pipeline->Illuminate\\Pipeline\\{closure}()
#23 C:\\Projects\\lara_dealer\\vendor\\laravel\\framework\\src\\Illuminate\\Pipeline\\Pipeline.php(167): Illuminate\\Foundation\\Http\\Middleware\\ValidatePostSize->handle()
#24 C:\\Projects\\lara_dealer\\vendor\\laravel\\framework\\src\\Illuminate\\Foundation\\Http\\Middleware\\PreventRequestsDuringMaintenance.php(86): Illuminate\\Pipeline\\Pipeline->Illuminate\\Pipeline\\{closure}()
#25 C:\\Projects\\lara_dealer\\vendor\\laravel\\framework\\src\\Illuminate\\Pipeline\\Pipeline.php(167): Illuminate\\Foundation\\Http\\Middleware\\PreventRequestsDuringMaintenance->handle()
#26 C:\\Projects\\lara_dealer\\vendor\\fideloper\\proxy\\src\\TrustProxies.php(57): Illuminate\\Pipeline\\Pipeline->Illuminate\\Pipeline\\{closure}()
#27 C:\\Projects\\lara_dealer\\vendor\\laravel\\framework\\src\\Illuminate\\Pipeline\\Pipeline.php(167): Fideloper\\Proxy\\TrustProxies->handle()
#28 C:\\Projects\\lara_dealer\\vendor\\laravel\\framework\\src\\Illuminate\\Pipeline\\Pipeline.php(103): Illuminate\\Pipeline\\Pipeline->Illuminate\\Pipeline\\{closure}()
#29 C:\\Projects\\lara_dealer\\vendor\\laravel\\framework\\src\\Illuminate\\Foundation\\Http\\Kernel.php(141): Illuminate\\Pipeline\\Pipeline->then()
#30 C:\\Projects\\lara_dealer\\vendor\\laravel\\framework\\src\\Illuminate\\Foundation\\Http\\Kernel.php(110): Illuminate\\Foundation\\Http\\Kernel->sendRequestThroughRouter()
#31 C:\\Projects\\lara_dealer\\public\\index.php(52): Illuminate\\Foundation\\Http\\Kernel->handle()
#32 C:\\Projects\\lara_dealer\\server.php(21): require_once('C:\\\\Projects\\\\lar...')
#33 {main}
"} 
[2021-04-29 07:25:58] local.ERROR: Время действия вашей сессии истекло {"exception":"[object] (Exception(code: 0): Время действия вашей сессии истекло at C:\\Projects\\lara_dealer\\app\\ExtraUser.php:33)
[stacktrace]
#0 C:\\Projects\\lara_dealer\\app\\Http\\Controllers\\ProjectController.php(25): App\\ExtraUser->find()
#1 C:\\Projects\\lara_dealer\\vendor\\laravel\\framework\\src\\Illuminate\\Routing\\Controller.php(54): App\\Http\\Controllers\\ProjectController->list()
#2 C:\\Projects\\lara_dealer\\vendor\\laravel\\framework\\src\\Illuminate\\Routing\\ControllerDispatcher.php(45): Illuminate\\Routing\\Controller->callAction()
#3 C:\\Projects\\lara_dealer\\vendor\\laravel\\framework\\src\\Illuminate\\Routing\\Route.php(254): Illuminate\\Routing\\ControllerDispatcher->dispatch()
#4 C:\\Projects\\lara_dealer\\vendor\\laravel\\framework\\src\\Illuminate\\Routing\\Route.php(197): Illuminate\\Routing\\Route->runController()
#5 C:\\Projects\\lara_dealer\\vendor\\laravel\\framework\\src\\Illuminate\\Routing\\Router.php(693): Illuminate\\Routing\\Route->run()
#6 C:\\Projects\\lara_dealer\\vendor\\laravel\\framework\\src\\Illuminate\\Pipeline\\Pipeline.php(128): Illuminate\\Routing\\Router->Illuminate\\Routing\\{closure}()
#7 C:\\Projects\\lara_dealer\\vendor\\laravel\\framework\\src\\Illuminate\\Routing\\Middleware\\SubstituteBindings.php(50): Illuminate\\Pipeline\\Pipeline->Illuminate\\Pipeline\\{closure}()
#8 C:\\Projects\\lara_dealer\\vendor\\laravel\\framework\\src\\Illuminate\\Pipeline\\Pipeline.php(167): Illuminate\\Routing\\Middleware\\SubstituteBindings->handle()
#9 C:\\Projects\\lara_dealer\\vendor\\laravel\\framework\\src\\Illuminate\\Routing\\Middleware\\ThrottleRequests.php(127): Illuminate\\Pipeline\\Pipeline->Illuminate\\Pipeline\\{closure}()
#10 C:\\Projects\\lara_dealer\\vendor\\laravel\\framework\\src\\Illuminate\\Routing\\Middleware\\ThrottleRequests.php(63): Illuminate\\Routing\\Middleware\\ThrottleRequests->handleRequest()
#11 C:\\Projects\\lara_dealer\\vendor\\laravel\\framework\\src\\Illuminate\\Pipeline\\Pipeline.php(167): Illuminate\\Routing\\Middleware\\ThrottleRequests->handle()
#12 C:\\Projects\\lara_dealer\\vendor\\laravel\\framework\\src\\Illuminate\\Pipeline\\Pipeline.php(103): Illuminate\\Pipeline\\Pipeline->Illuminate\\Pipeline\\{closure}()
#13 C:\\Projects\\lara_dealer\\vendor\\laravel\\framework\\src\\Illuminate\\Routing\\Router.php(695): Illuminate\\Pipeline\\Pipeline->then()
#14 C:\\Projects\\lara_dealer\\vendor\\laravel\\framework\\src\\Illuminate\\Routing\\Router.php(670): Illuminate\\Routing\\Router->runRouteWithinStack()
#15 C:\\Projects\\lara_dealer\\vendor\\laravel\\framework\\src\\Illuminate\\Routing\\Router.php(636): Illuminate\\Routing\\Router->runRoute()
#16 C:\\Projects\\lara_dealer\\vendor\\laravel\\framework\\src\\Illuminate\\Routing\\Router.php(625): Illuminate\\Routing\\Router->dispatchToRoute()
#17 C:\\Projects\\lara_dealer\\vendor\\laravel\\framework\\src\\Illuminate\\Foundation\\Http\\Kernel.php(166): Illuminate\\Routing\\Router->dispatch()
#18 C:\\Projects\\lara_dealer\\vendor\\laravel\\framework\\src\\Illuminate\\Pipeline\\Pipeline.php(128): Illuminate\\Foundation\\Http\\Kernel->Illuminate\\Foundation\\Http\\{closure}()
#19 C:\\Projects\\lara_dealer\\app\\Http\\Middleware\\Cors.php(18): Illuminate\\Pipeline\\Pipeline->Illuminate\\Pipeline\\{closure}()
#20 C:\\Projects\\lara_dealer\\vendor\\laravel\\framework\\src\\Illuminate\\Pipeline\\Pipeline.php(167): App\\Http\\Middleware\\Cors->handle()
#21 C:\\Projects\\lara_dealer\\vendor\\laravel\\framework\\src\\Illuminate\\Foundation\\Http\\Middleware\\TransformsRequest.php(21): Illuminate\\Pipeline\\Pipeline->Illuminate\\Pipeline\\{closure}()
#22 C:\\Projects\\lara_dealer\\vendor\\laravel\\framework\\src\\Illuminate\\Pipeline\\Pipeline.php(167): Illuminate\\Foundation\\Http\\Middleware\\TransformsRequest->handle()
#23 C:\\Projects\\lara_dealer\\vendor\\laravel\\framework\\src\\Illuminate\\Foundation\\Http\\Middleware\\TransformsRequest.php(21): Illuminate\\Pipeline\\Pipeline->Illuminate\\Pipeline\\{closure}()
#24 C:\\Projects\\lara_dealer\\vendor\\laravel\\framework\\src\\Illuminate\\Pipeline\\Pipeline.php(167): Illuminate\\Foundation\\Http\\Middleware\\TransformsRequest->handle()
#25 C:\\Projects\\lara_dealer\\vendor\\laravel\\framework\\src\\Illuminate\\Foundation\\Http\\Middleware\\ValidatePostSize.php(27): Illuminate\\Pipeline\\Pipeline->Illuminate\\Pipeline\\{closure}()
#26 C:\\Projects\\lara_dealer\\vendor\\laravel\\framework\\src\\Illuminate\\Pipeline\\Pipeline.php(167): Illuminate\\Foundation\\Http\\Middleware\\ValidatePostSize->handle()
#27 C:\\Projects\\lara_dealer\\vendor\\laravel\\framework\\src\\Illuminate\\Foundation\\Http\\Middleware\\PreventRequestsDuringMaintenance.php(86): Illuminate\\Pipeline\\Pipeline->Illuminate\\Pipeline\\{closure}()
#28 C:\\Projects\\lara_dealer\\vendor\\laravel\\framework\\src\\Illuminate\\Pipeline\\Pipeline.php(167): Illuminate\\Foundation\\Http\\Middleware\\PreventRequestsDuringMaintenance->handle()
#29 C:\\Projects\\lara_dealer\\vendor\\fideloper\\proxy\\src\\TrustProxies.php(57): Illuminate\\Pipeline\\Pipeline->Illuminate\\Pipeline\\{closure}()
#30 C:\\Projects\\lara_dealer\\vendor\\laravel\\framework\\src\\Illuminate\\Pipeline\\Pipeline.php(167): Fideloper\\Proxy\\TrustProxies->handle()
#31 C:\\Projects\\lara_dealer\\vendor\\laravel\\framework\\src\\Illuminate\\Pipeline\\Pipeline.php(103): Illuminate\\Pipeline\\Pipeline->Illuminate\\Pipeline\\{closure}()
#32 C:\\Projects\\lara_dealer\\vendor\\laravel\\framework\\src\\Illuminate\\Foundation\\Http\\Kernel.php(141): Illuminate\\Pipeline\\Pipeline->then()
#33 C:\\Projects\\lara_dealer\\vendor\\laravel\\framework\\src\\Illuminate\\Foundation\\Http\\Kernel.php(110): Illuminate\\Foundation\\Http\\Kernel->sendRequestThroughRouter()
#34 C:\\Projects\\lara_dealer\\public\\index.php(52): Illuminate\\Foundation\\Http\\Kernel->handle()
#35 C:\\Projects\\lara_dealer\\server.php(21): require_once('C:\\\\Projects\\\\lar...')
#36 {main}
"} 
[2021-04-29 07:25:59] local.ERROR: Call to a member function hasRole() on null {"exception":"[object] (Error(code: 0): Call to a member function hasRole() on null at C:\\Projects\\lara_dealer\\app\\Http\\Controllers\\ProviderController.php:16)
[stacktrace]
#0 C:\\Projects\\lara_dealer\\vendor\\laravel\\framework\\src\\Illuminate\\Routing\\Controller.php(54): App\\Http\\Controllers\\ProviderController->index()
#1 C:\\Projects\\lara_dealer\\vendor\\laravel\\framework\\src\\Illuminate\\Routing\\ControllerDispatcher.php(45): Illuminate\\Routing\\Controller->callAction()
#2 C:\\Projects\\lara_dealer\\vendor\\laravel\\framework\\src\\Illuminate\\Routing\\Route.php(254): Illuminate\\Routing\\ControllerDispatcher->dispatch()
#3 C:\\Projects\\lara_dealer\\vendor\\laravel\\framework\\src\\Illuminate\\Routing\\Route.php(197): Illuminate\\Routing\\Route->runController()
#4 C:\\Projects\\lara_dealer\\vendor\\laravel\\framework\\src\\Illuminate\\Routing\\Router.php(693): Illuminate\\Routing\\Route->run()
#5 C:\\Projects\\lara_dealer\\vendor\\laravel\\framework\\src\\Illuminate\\Pipeline\\Pipeline.php(128): Illuminate\\Routing\\Router->Illuminate\\Routing\\{closure}()
#6 C:\\Projects\\lara_dealer\\vendor\\laravel\\framework\\src\\Illuminate\\Routing\\Middleware\\SubstituteBindings.php(50): Illuminate\\Pipeline\\Pipeline->Illuminate\\Pipeline\\{closure}()
#7 C:\\Projects\\lara_dealer\\vendor\\laravel\\framework\\src\\Illuminate\\Pipeline\\Pipeline.php(167): Illuminate\\Routing\\Middleware\\SubstituteBindings->handle()
#8 C:\\Projects\\lara_dealer\\vendor\\laravel\\framework\\src\\Illuminate\\Routing\\Middleware\\ThrottleRequests.php(127): Illuminate\\Pipeline\\Pipeline->Illuminate\\Pipeline\\{closure}()
#9 C:\\Projects\\lara_dealer\\vendor\\laravel\\framework\\src\\Illuminate\\Routing\\Middleware\\ThrottleRequests.php(63): Illuminate\\Routing\\Middleware\\ThrottleRequests->handleRequest()
#10 C:\\Projects\\lara_dealer\\vendor\\laravel\\framework\\src\\Illuminate\\Pipeline\\Pipeline.php(167): Illuminate\\Routing\\Middleware\\ThrottleRequests->handle()
#11 C:\\Projects\\lara_dealer\\vendor\\laravel\\framework\\src\\Illuminate\\Pipeline\\Pipeline.php(103): Illuminate\\Pipeline\\Pipeline->Illuminate\\Pipeline\\{closure}()
#12 C:\\Projects\\lara_dealer\\vendor\\laravel\\framework\\src\\Illuminate\\Routing\\Router.php(695): Illuminate\\Pipeline\\Pipeline->then()
#13 C:\\Projects\\lara_dealer\\vendor\\laravel\\framework\\src\\Illuminate\\Routing\\Router.php(670): Illuminate\\Routing\\Router->runRouteWithinStack()
#14 C:\\Projects\\lara_dealer\\vendor\\laravel\\framework\\src\\Illuminate\\Routing\\Router.php(636): Illuminate\\Routing\\Router->runRoute()
#15 C:\\Projects\\lara_dealer\\vendor\\laravel\\framework\\src\\Illuminate\\Routing\\Router.php(625): Illuminate\\Routing\\Router->dispatchToRoute()
#16 C:\\Projects\\lara_dealer\\vendor\\laravel\\framework\\src\\Illuminate\\Foundation\\Http\\Kernel.php(166): Illuminate\\Routing\\Router->dispatch()
#17 C:\\Projects\\lara_dealer\\vendor\\laravel\\framework\\src\\Illuminate\\Pipeline\\Pipeline.php(128): Illuminate\\Foundation\\Http\\Kernel->Illuminate\\Foundation\\Http\\{closure}()
#18 C:\\Projects\\lara_dealer\\app\\Http\\Middleware\\Cors.php(18): Illuminate\\Pipeline\\Pipeline->Illuminate\\Pipeline\\{closure}()
#19 C:\\Projects\\lara_dealer\\vendor\\laravel\\framework\\src\\Illuminate\\Pipeline\\Pipeline.php(167): App\\Http\\Middleware\\Cors->handle()
#20 C:\\Projects\\lara_dealer\\vendor\\laravel\\framework\\src\\Illuminate\\Foundation\\Http\\Middleware\\TransformsRequest.php(21): Illuminate\\Pipeline\\Pipeline->Illuminate\\Pipeline\\{closure}()
#21 C:\\Projects\\lara_dealer\\vendor\\laravel\\framework\\src\\Illuminate\\Pipeline\\Pipeline.php(167): Illuminate\\Foundation\\Http\\Middleware\\TransformsRequest->handle()
#22 C:\\Projects\\lara_dealer\\vendor\\laravel\\framework\\src\\Illuminate\\Foundation\\Http\\Middleware\\TransformsRequest.php(21): Illuminate\\Pipeline\\Pipeline->Illuminate\\Pipeline\\{closure}()
#23 C:\\Projects\\lara_dealer\\vendor\\laravel\\framework\\src\\Illuminate\\Pipeline\\Pipeline.php(167): Illuminate\\Foundation\\Http\\Middleware\\TransformsRequest->handle()
#24 C:\\Projects\\lara_dealer\\vendor\\laravel\\framework\\src\\Illuminate\\Foundation\\Http\\Middleware\\ValidatePostSize.php(27): Illuminate\\Pipeline\\Pipeline->Illuminate\\Pipeline\\{closure}()
#25 C:\\Projects\\lara_dealer\\vendor\\laravel\\framework\\src\\Illuminate\\Pipeline\\Pipeline.php(167): Illuminate\\Foundation\\Http\\Middleware\\ValidatePostSize->handle()
#26 C:\\Projects\\lara_dealer\\vendor\\laravel\\framework\\src\\Illuminate\\Foundation\\Http\\Middleware\\PreventRequestsDuringMaintenance.php(86): Illuminate\\Pipeline\\Pipeline->Illuminate\\Pipeline\\{closure}()
#27 C:\\Projects\\lara_dealer\\vendor\\laravel\\framework\\src\\Illuminate\\Pipeline\\Pipeline.php(167): Illuminate\\Foundation\\Http\\Middleware\\PreventRequestsDuringMaintenance->handle()
#28 C:\\Projects\\lara_dealer\\vendor\\fideloper\\proxy\\src\\TrustProxies.php(57): Illuminate\\Pipeline\\Pipeline->Illuminate\\Pipeline\\{closure}()
#29 C:\\Projects\\lara_dealer\\vendor\\laravel\\framework\\src\\Illuminate\\Pipeline\\Pipeline.php(167): Fideloper\\Proxy\\TrustProxies->handle()
#30 C:\\Projects\\lara_dealer\\vendor\\laravel\\framework\\src\\Illuminate\\Pipeline\\Pipeline.php(103): Illuminate\\Pipeline\\Pipeline->Illuminate\\Pipeline\\{closure}()
#31 C:\\Projects\\lara_dealer\\vendor\\laravel\\framework\\src\\Illuminate\\Foundation\\Http\\Kernel.php(141): Illuminate\\Pipeline\\Pipeline->then()
#32 C:\\Projects\\lara_dealer\\vendor\\laravel\\framework\\src\\Illuminate\\Foundation\\Http\\Kernel.php(110): Illuminate\\Foundation\\Http\\Kernel->sendRequestThroughRouter()
#33 C:\\Projects\\lara_dealer\\public\\index.php(52): Illuminate\\Foundation\\Http\\Kernel->handle()
#34 C:\\Projects\\lara_dealer\\server.php(21): require_once('C:\\\\Projects\\\\lar...')
#35 {main}
"} 
[2021-04-29 07:26:00] local.ERROR: Route [login] not defined. {"exception":"[object] (Symfony\\Component\\Routing\\Exception\\RouteNotFoundException(code: 0): Route [login] not defined. at C:\\Projects\\lara_dealer\\vendor\\laravel\\framework\\src\\Illuminate\\Routing\\UrlGenerator.php:429)
[stacktrace]
#0 C:\\Projects\\lara_dealer\\vendor\\laravel\\framework\\src\\Illuminate\\Foundation\\helpers.php(708): Illuminate\\Routing\\UrlGenerator->route()
#1 C:\\Projects\\lara_dealer\\app\\Http\\Middleware\\Authenticate.php(18): route()
#2 C:\\Projects\\lara_dealer\\vendor\\laravel\\framework\\src\\Illuminate\\Auth\\Middleware\\Authenticate.php(83): App\\Http\\Middleware\\Authenticate->redirectTo()
#3 C:\\Projects\\lara_dealer\\vendor\\laravel\\framework\\src\\Illuminate\\Auth\\Middleware\\Authenticate.php(68): Illuminate\\Auth\\Middleware\\Authenticate->unauthenticated()
#4 C:\\Projects\\lara_dealer\\vendor\\laravel\\framework\\src\\Illuminate\\Auth\\Middleware\\Authenticate.php(42): Illuminate\\Auth\\Middleware\\Authenticate->authenticate()
#5 C:\\Projects\\lara_dealer\\vendor\\laravel\\framework\\src\\Illuminate\\Pipeline\\Pipeline.php(167): Illuminate\\Auth\\Middleware\\Authenticate->handle()
#6 C:\\Projects\\lara_dealer\\vendor\\laravel\\framework\\src\\Illuminate\\Routing\\Middleware\\ThrottleRequests.php(127): Illuminate\\Pipeline\\Pipeline->Illuminate\\Pipeline\\{closure}()
#7 C:\\Projects\\lara_dealer\\vendor\\laravel\\framework\\src\\Illuminate\\Routing\\Middleware\\ThrottleRequests.php(63): Illuminate\\Routing\\Middleware\\ThrottleRequests->handleRequest()
#8 C:\\Projects\\lara_dealer\\vendor\\laravel\\framework\\src\\Illuminate\\Pipeline\\Pipeline.php(167): Illuminate\\Routing\\Middleware\\ThrottleRequests->handle()
#9 C:\\Projects\\lara_dealer\\vendor\\laravel\\framework\\src\\Illuminate\\Pipeline\\Pipeline.php(103): Illuminate\\Pipeline\\Pipeline->Illuminate\\Pipeline\\{closure}()
#10 C:\\Projects\\lara_dealer\\vendor\\laravel\\framework\\src\\Illuminate\\Routing\\Router.php(695): Illuminate\\Pipeline\\Pipeline->then()
#11 C:\\Projects\\lara_dealer\\vendor\\laravel\\framework\\src\\Illuminate\\Routing\\Router.php(670): Illuminate\\Routing\\Router->runRouteWithinStack()
#12 C:\\Projects\\lara_dealer\\vendor\\laravel\\framework\\src\\Illuminate\\Routing\\Router.php(636): Illuminate\\Routing\\Router->runRoute()
#13 C:\\Projects\\lara_dealer\\vendor\\laravel\\framework\\src\\Illuminate\\Routing\\Router.php(625): Illuminate\\Routing\\Router->dispatchToRoute()
#14 C:\\Projects\\lara_dealer\\vendor\\laravel\\framework\\src\\Illuminate\\Foundation\\Http\\Kernel.php(166): Illuminate\\Routing\\Router->dispatch()
#15 C:\\Projects\\lara_dealer\\vendor\\laravel\\framework\\src\\Illuminate\\Pipeline\\Pipeline.php(128): Illuminate\\Foundation\\Http\\Kernel->Illuminate\\Foundation\\Http\\{closure}()
#16 C:\\Projects\\lara_dealer\\app\\Http\\Middleware\\Cors.php(18): Illuminate\\Pipeline\\Pipeline->Illuminate\\Pipeline\\{closure}()
#17 C:\\Projects\\lara_dealer\\vendor\\laravel\\framework\\src\\Illuminate\\Pipeline\\Pipeline.php(167): App\\Http\\Middleware\\Cors->handle()
#18 C:\\Projects\\lara_dealer\\vendor\\laravel\\framework\\src\\Illuminate\\Foundation\\Http\\Middleware\\TransformsRequest.php(21): Illuminate\\Pipeline\\Pipeline->Illuminate\\Pipeline\\{closure}()
#19 C:\\Projects\\lara_dealer\\vendor\\laravel\\framework\\src\\Illuminate\\Pipeline\\Pipeline.php(167): Illuminate\\Foundation\\Http\\Middleware\\TransformsRequest->handle()
#20 C:\\Projects\\lara_dealer\\vendor\\laravel\\framework\\src\\Illuminate\\Foundation\\Http\\Middleware\\TransformsRequest.php(21): Illuminate\\Pipeline\\Pipeline->Illuminate\\Pipeline\\{closure}()
#21 C:\\Projects\\lara_dealer\\vendor\\laravel\\framework\\src\\Illuminate\\Pipeline\\Pipeline.php(167): Illuminate\\Foundation\\Http\\Middleware\\TransformsRequest->handle()
#22 C:\\Projects\\lara_dealer\\vendor\\laravel\\framework\\src\\Illuminate\\Foundation\\Http\\Middleware\\ValidatePostSize.php(27): Illuminate\\Pipeline\\Pipeline->Illuminate\\Pipeline\\{closure}()
#23 C:\\Projects\\lara_dealer\\vendor\\laravel\\framework\\src\\Illuminate\\Pipeline\\Pipeline.php(167): Illuminate\\Foundation\\Http\\Middleware\\ValidatePostSize->handle()
#24 C:\\Projects\\lara_dealer\\vendor\\laravel\\framework\\src\\Illuminate\\Foundation\\Http\\Middleware\\PreventRequestsDuringMaintenance.php(86): Illuminate\\Pipeline\\Pipeline->Illuminate\\Pipeline\\{closure}()
#25 C:\\Projects\\lara_dealer\\vendor\\laravel\\framework\\src\\Illuminate\\Pipeline\\Pipeline.php(167): Illuminate\\Foundation\\Http\\Middleware\\PreventRequestsDuringMaintenance->handle()
#26 C:\\Projects\\lara_dealer\\vendor\\fideloper\\proxy\\src\\TrustProxies.php(57): Illuminate\\Pipeline\\Pipeline->Illuminate\\Pipeline\\{closure}()
#27 C:\\Projects\\lara_dealer\\vendor\\laravel\\framework\\src\\Illuminate\\Pipeline\\Pipeline.php(167): Fideloper\\Proxy\\TrustProxies->handle()
#28 C:\\Projects\\lara_dealer\\vendor\\laravel\\framework\\src\\Illuminate\\Pipeline\\Pipeline.php(103): Illuminate\\Pipeline\\Pipeline->Illuminate\\Pipeline\\{closure}()
#29 C:\\Projects\\lara_dealer\\vendor\\laravel\\framework\\src\\Illuminate\\Foundation\\Http\\Kernel.php(141): Illuminate\\Pipeline\\Pipeline->then()
#30 C:\\Projects\\lara_dealer\\vendor\\laravel\\framework\\src\\Illuminate\\Foundation\\Http\\Kernel.php(110): Illuminate\\Foundation\\Http\\Kernel->sendRequestThroughRouter()
#31 C:\\Projects\\lara_dealer\\public\\index.php(52): Illuminate\\Foundation\\Http\\Kernel->handle()
#32 C:\\Projects\\lara_dealer\\server.php(21): require_once('C:\\\\Projects\\\\lar...')
#33 {main}
"} 
[2021-04-29 08:34:24] local.ERROR: Route [login] not defined. {"exception":"[object] (Symfony\\Component\\Routing\\Exception\\RouteNotFoundException(code: 0): Route [login] not defined. at C:\\Projects\\lara_dealer\\vendor\\laravel\\framework\\src\\Illuminate\\Routing\\UrlGenerator.php:429)
[stacktrace]
#0 C:\\Projects\\lara_dealer\\vendor\\laravel\\framework\\src\\Illuminate\\Foundation\\helpers.php(708): Illuminate\\Routing\\UrlGenerator->route()
#1 C:\\Projects\\lara_dealer\\app\\Http\\Middleware\\Authenticate.php(18): route()
#2 C:\\Projects\\lara_dealer\\vendor\\laravel\\framework\\src\\Illuminate\\Auth\\Middleware\\Authenticate.php(83): App\\Http\\Middleware\\Authenticate->redirectTo()
#3 C:\\Projects\\lara_dealer\\vendor\\laravel\\framework\\src\\Illuminate\\Auth\\Middleware\\Authenticate.php(68): Illuminate\\Auth\\Middleware\\Authenticate->unauthenticated()
#4 C:\\Projects\\lara_dealer\\vendor\\laravel\\framework\\src\\Illuminate\\Auth\\Middleware\\Authenticate.php(42): Illuminate\\Auth\\Middleware\\Authenticate->authenticate()
#5 C:\\Projects\\lara_dealer\\vendor\\laravel\\framework\\src\\Illuminate\\Pipeline\\Pipeline.php(167): Illuminate\\Auth\\Middleware\\Authenticate->handle()
#6 C:\\Projects\\lara_dealer\\vendor\\laravel\\framework\\src\\Illuminate\\Routing\\Middleware\\ThrottleRequests.php(127): Illuminate\\Pipeline\\Pipeline->Illuminate\\Pipeline\\{closure}()
#7 C:\\Projects\\lara_dealer\\vendor\\laravel\\framework\\src\\Illuminate\\Routing\\Middleware\\ThrottleRequests.php(63): Illuminate\\Routing\\Middleware\\ThrottleRequests->handleRequest()
#8 C:\\Projects\\lara_dealer\\vendor\\laravel\\framework\\src\\Illuminate\\Pipeline\\Pipeline.php(167): Illuminate\\Routing\\Middleware\\ThrottleRequests->handle()
#9 C:\\Projects\\lara_dealer\\vendor\\laravel\\framework\\src\\Illuminate\\Pipeline\\Pipeline.php(103): Illuminate\\Pipeline\\Pipeline->Illuminate\\Pipeline\\{closure}()
#10 C:\\Projects\\lara_dealer\\vendor\\laravel\\framework\\src\\Illuminate\\Routing\\Router.php(695): Illuminate\\Pipeline\\Pipeline->then()
#11 C:\\Projects\\lara_dealer\\vendor\\laravel\\framework\\src\\Illuminate\\Routing\\Router.php(670): Illuminate\\Routing\\Router->runRouteWithinStack()
#12 C:\\Projects\\lara_dealer\\vendor\\laravel\\framework\\src\\Illuminate\\Routing\\Router.php(636): Illuminate\\Routing\\Router->runRoute()
#13 C:\\Projects\\lara_dealer\\vendor\\laravel\\framework\\src\\Illuminate\\Routing\\Router.php(625): Illuminate\\Routing\\Router->dispatchToRoute()
#14 C:\\Projects\\lara_dealer\\vendor\\laravel\\framework\\src\\Illuminate\\Foundation\\Http\\Kernel.php(166): Illuminate\\Routing\\Router->dispatch()
#15 C:\\Projects\\lara_dealer\\vendor\\laravel\\framework\\src\\Illuminate\\Pipeline\\Pipeline.php(128): Illuminate\\Foundation\\Http\\Kernel->Illuminate\\Foundation\\Http\\{closure}()
#16 C:\\Projects\\lara_dealer\\app\\Http\\Middleware\\Cors.php(18): Illuminate\\Pipeline\\Pipeline->Illuminate\\Pipeline\\{closure}()
#17 C:\\Projects\\lara_dealer\\vendor\\laravel\\framework\\src\\Illuminate\\Pipeline\\Pipeline.php(167): App\\Http\\Middleware\\Cors->handle()
#18 C:\\Projects\\lara_dealer\\vendor\\laravel\\framework\\src\\Illuminate\\Foundation\\Http\\Middleware\\TransformsRequest.php(21): Illuminate\\Pipeline\\Pipeline->Illuminate\\Pipeline\\{closure}()
#19 C:\\Projects\\lara_dealer\\vendor\\laravel\\framework\\src\\Illuminate\\Pipeline\\Pipeline.php(167): Illuminate\\Foundation\\Http\\Middleware\\TransformsRequest->handle()
#20 C:\\Projects\\lara_dealer\\vendor\\laravel\\framework\\src\\Illuminate\\Foundation\\Http\\Middleware\\TransformsRequest.php(21): Illuminate\\Pipeline\\Pipeline->Illuminate\\Pipeline\\{closure}()
#21 C:\\Projects\\lara_dealer\\vendor\\laravel\\framework\\src\\Illuminate\\Pipeline\\Pipeline.php(167): Illuminate\\Foundation\\Http\\Middleware\\TransformsRequest->handle()
#22 C:\\Projects\\lara_dealer\\vendor\\laravel\\framework\\src\\Illuminate\\Foundation\\Http\\Middleware\\ValidatePostSize.php(27): Illuminate\\Pipeline\\Pipeline->Illuminate\\Pipeline\\{closure}()
#23 C:\\Projects\\lara_dealer\\vendor\\laravel\\framework\\src\\Illuminate\\Pipeline\\Pipeline.php(167): Illuminate\\Foundation\\Http\\Middleware\\ValidatePostSize->handle()
#24 C:\\Projects\\lara_dealer\\vendor\\laravel\\framework\\src\\Illuminate\\Foundation\\Http\\Middleware\\PreventRequestsDuringMaintenance.php(86): Illuminate\\Pipeline\\Pipeline->Illuminate\\Pipeline\\{closure}()
#25 C:\\Projects\\lara_dealer\\vendor\\laravel\\framework\\src\\Illuminate\\Pipeline\\Pipeline.php(167): Illuminate\\Foundation\\Http\\Middleware\\PreventRequestsDuringMaintenance->handle()
#26 C:\\Projects\\lara_dealer\\vendor\\fideloper\\proxy\\src\\TrustProxies.php(57): Illuminate\\Pipeline\\Pipeline->Illuminate\\Pipeline\\{closure}()
#27 C:\\Projects\\lara_dealer\\vendor\\laravel\\framework\\src\\Illuminate\\Pipeline\\Pipeline.php(167): Fideloper\\Proxy\\TrustProxies->handle()
#28 C:\\Projects\\lara_dealer\\vendor\\laravel\\framework\\src\\Illuminate\\Pipeline\\Pipeline.php(103): Illuminate\\Pipeline\\Pipeline->Illuminate\\Pipeline\\{closure}()
#29 C:\\Projects\\lara_dealer\\vendor\\laravel\\framework\\src\\Illuminate\\Foundation\\Http\\Kernel.php(141): Illuminate\\Pipeline\\Pipeline->then()
#30 C:\\Projects\\lara_dealer\\vendor\\laravel\\framework\\src\\Illuminate\\Foundation\\Http\\Kernel.php(110): Illuminate\\Foundation\\Http\\Kernel->sendRequestThroughRouter()
#31 C:\\Projects\\lara_dealer\\public\\index.php(52): Illuminate\\Foundation\\Http\\Kernel->handle()
#32 C:\\Projects\\lara_dealer\\server.php(21): require_once('C:\\\\Projects\\\\lar...')
#33 {main}
"} 
[2021-04-29 10:19:38] local.ERROR: Route [login] not defined. {"exception":"[object] (Symfony\\Component\\Routing\\Exception\\RouteNotFoundException(code: 0): Route [login] not defined. at C:\\Projects\\lara_dealer\\vendor\\laravel\\framework\\src\\Illuminate\\Routing\\UrlGenerator.php:429)
[stacktrace]
#0 C:\\Projects\\lara_dealer\\vendor\\laravel\\framework\\src\\Illuminate\\Foundation\\helpers.php(708): Illuminate\\Routing\\UrlGenerator->route()
#1 C:\\Projects\\lara_dealer\\app\\Http\\Middleware\\Authenticate.php(18): route()
#2 C:\\Projects\\lara_dealer\\vendor\\laravel\\framework\\src\\Illuminate\\Auth\\Middleware\\Authenticate.php(83): App\\Http\\Middleware\\Authenticate->redirectTo()
#3 C:\\Projects\\lara_dealer\\vendor\\laravel\\framework\\src\\Illuminate\\Auth\\Middleware\\Authenticate.php(68): Illuminate\\Auth\\Middleware\\Authenticate->unauthenticated()
#4 C:\\Projects\\lara_dealer\\vendor\\laravel\\framework\\src\\Illuminate\\Auth\\Middleware\\Authenticate.php(42): Illuminate\\Auth\\Middleware\\Authenticate->authenticate()
#5 C:\\Projects\\lara_dealer\\vendor\\laravel\\framework\\src\\Illuminate\\Pipeline\\Pipeline.php(167): Illuminate\\Auth\\Middleware\\Authenticate->handle()
#6 C:\\Projects\\lara_dealer\\vendor\\laravel\\framework\\src\\Illuminate\\Routing\\Middleware\\ThrottleRequests.php(127): Illuminate\\Pipeline\\Pipeline->Illuminate\\Pipeline\\{closure}()
#7 C:\\Projects\\lara_dealer\\vendor\\laravel\\framework\\src\\Illuminate\\Routing\\Middleware\\ThrottleRequests.php(63): Illuminate\\Routing\\Middleware\\ThrottleRequests->handleRequest()
#8 C:\\Projects\\lara_dealer\\vendor\\laravel\\framework\\src\\Illuminate\\Pipeline\\Pipeline.php(167): Illuminate\\Routing\\Middleware\\ThrottleRequests->handle()
#9 C:\\Projects\\lara_dealer\\vendor\\laravel\\framework\\src\\Illuminate\\Pipeline\\Pipeline.php(103): Illuminate\\Pipeline\\Pipeline->Illuminate\\Pipeline\\{closure}()
#10 C:\\Projects\\lara_dealer\\vendor\\laravel\\framework\\src\\Illuminate\\Routing\\Router.php(695): Illuminate\\Pipeline\\Pipeline->then()
#11 C:\\Projects\\lara_dealer\\vendor\\laravel\\framework\\src\\Illuminate\\Routing\\Router.php(670): Illuminate\\Routing\\Router->runRouteWithinStack()
#12 C:\\Projects\\lara_dealer\\vendor\\laravel\\framework\\src\\Illuminate\\Routing\\Router.php(636): Illuminate\\Routing\\Router->runRoute()
#13 C:\\Projects\\lara_dealer\\vendor\\laravel\\framework\\src\\Illuminate\\Routing\\Router.php(625): Illuminate\\Routing\\Router->dispatchToRoute()
#14 C:\\Projects\\lara_dealer\\vendor\\laravel\\framework\\src\\Illuminate\\Foundation\\Http\\Kernel.php(166): Illuminate\\Routing\\Router->dispatch()
#15 C:\\Projects\\lara_dealer\\vendor\\laravel\\framework\\src\\Illuminate\\Pipeline\\Pipeline.php(128): Illuminate\\Foundation\\Http\\Kernel->Illuminate\\Foundation\\Http\\{closure}()
#16 C:\\Projects\\lara_dealer\\app\\Http\\Middleware\\Cors.php(18): Illuminate\\Pipeline\\Pipeline->Illuminate\\Pipeline\\{closure}()
#17 C:\\Projects\\lara_dealer\\vendor\\laravel\\framework\\src\\Illuminate\\Pipeline\\Pipeline.php(167): App\\Http\\Middleware\\Cors->handle()
#18 C:\\Projects\\lara_dealer\\vendor\\laravel\\framework\\src\\Illuminate\\Foundation\\Http\\Middleware\\TransformsRequest.php(21): Illuminate\\Pipeline\\Pipeline->Illuminate\\Pipeline\\{closure}()
#19 C:\\Projects\\lara_dealer\\vendor\\laravel\\framework\\src\\Illuminate\\Pipeline\\Pipeline.php(167): Illuminate\\Foundation\\Http\\Middleware\\TransformsRequest->handle()
#20 C:\\Projects\\lara_dealer\\vendor\\laravel\\framework\\src\\Illuminate\\Foundation\\Http\\Middleware\\TransformsRequest.php(21): Illuminate\\Pipeline\\Pipeline->Illuminate\\Pipeline\\{closure}()
#21 C:\\Projects\\lara_dealer\\vendor\\laravel\\framework\\src\\Illuminate\\Pipeline\\Pipeline.php(167): Illuminate\\Foundation\\Http\\Middleware\\TransformsRequest->handle()
#22 C:\\Projects\\lara_dealer\\vendor\\laravel\\framework\\src\\Illuminate\\Foundation\\Http\\Middleware\\ValidatePostSize.php(27): Illuminate\\Pipeline\\Pipeline->Illuminate\\Pipeline\\{closure}()
#23 C:\\Projects\\lara_dealer\\vendor\\laravel\\framework\\src\\Illuminate\\Pipeline\\Pipeline.php(167): Illuminate\\Foundation\\Http\\Middleware\\ValidatePostSize->handle()
#24 C:\\Projects\\lara_dealer\\vendor\\laravel\\framework\\src\\Illuminate\\Foundation\\Http\\Middleware\\PreventRequestsDuringMaintenance.php(86): Illuminate\\Pipeline\\Pipeline->Illuminate\\Pipeline\\{closure}()
#25 C:\\Projects\\lara_dealer\\vendor\\laravel\\framework\\src\\Illuminate\\Pipeline\\Pipeline.php(167): Illuminate\\Foundation\\Http\\Middleware\\PreventRequestsDuringMaintenance->handle()
#26 C:\\Projects\\lara_dealer\\vendor\\fideloper\\proxy\\src\\TrustProxies.php(57): Illuminate\\Pipeline\\Pipeline->Illuminate\\Pipeline\\{closure}()
#27 C:\\Projects\\lara_dealer\\vendor\\laravel\\framework\\src\\Illuminate\\Pipeline\\Pipeline.php(167): Fideloper\\Proxy\\TrustProxies->handle()
#28 C:\\Projects\\lara_dealer\\vendor\\laravel\\framework\\src\\Illuminate\\Pipeline\\Pipeline.php(103): Illuminate\\Pipeline\\Pipeline->Illuminate\\Pipeline\\{closure}()
#29 C:\\Projects\\lara_dealer\\vendor\\laravel\\framework\\src\\Illuminate\\Foundation\\Http\\Kernel.php(141): Illuminate\\Pipeline\\Pipeline->then()
#30 C:\\Projects\\lara_dealer\\vendor\\laravel\\framework\\src\\Illuminate\\Foundation\\Http\\Kernel.php(110): Illuminate\\Foundation\\Http\\Kernel->sendRequestThroughRouter()
#31 C:\\Projects\\lara_dealer\\public\\index.php(52): Illuminate\\Foundation\\Http\\Kernel->handle()
#32 C:\\Projects\\lara_dealer\\server.php(21): require_once('C:\\\\Projects\\\\lar...')
#33 {main}
"} 
[2021-04-29 10:42:05] local.ERROR: Cannot use object of type stdClass as array {"userId":1,"exception":"[object] (Error(code: 0): Cannot use object of type stdClass as array at C:\\Projects\\lara_dealer\\app\\Http\\Controllers\\ProviderController.php:35)
[stacktrace]
#0 C:\\Projects\\lara_dealer\\vendor\\laravel\\framework\\src\\Illuminate\\Routing\\Controller.php(54): App\\Http\\Controllers\\ProviderController->sendMailsByQueue()
#1 C:\\Projects\\lara_dealer\\vendor\\laravel\\framework\\src\\Illuminate\\Routing\\ControllerDispatcher.php(45): Illuminate\\Routing\\Controller->callAction()
#2 C:\\Projects\\lara_dealer\\vendor\\laravel\\framework\\src\\Illuminate\\Routing\\Route.php(254): Illuminate\\Routing\\ControllerDispatcher->dispatch()
#3 C:\\Projects\\lara_dealer\\vendor\\laravel\\framework\\src\\Illuminate\\Routing\\Route.php(197): Illuminate\\Routing\\Route->runController()
#4 C:\\Projects\\lara_dealer\\vendor\\laravel\\framework\\src\\Illuminate\\Routing\\Router.php(693): Illuminate\\Routing\\Route->run()
#5 C:\\Projects\\lara_dealer\\vendor\\laravel\\framework\\src\\Illuminate\\Pipeline\\Pipeline.php(128): Illuminate\\Routing\\Router->Illuminate\\Routing\\{closure}()
#6 C:\\Projects\\lara_dealer\\vendor\\laravel\\framework\\src\\Illuminate\\Routing\\Middleware\\SubstituteBindings.php(50): Illuminate\\Pipeline\\Pipeline->Illuminate\\Pipeline\\{closure}()
#7 C:\\Projects\\lara_dealer\\vendor\\laravel\\framework\\src\\Illuminate\\Pipeline\\Pipeline.php(167): Illuminate\\Routing\\Middleware\\SubstituteBindings->handle()
#8 C:\\Projects\\lara_dealer\\vendor\\laravel\\framework\\src\\Illuminate\\Routing\\Middleware\\ThrottleRequests.php(127): Illuminate\\Pipeline\\Pipeline->Illuminate\\Pipeline\\{closure}()
#9 C:\\Projects\\lara_dealer\\vendor\\laravel\\framework\\src\\Illuminate\\Routing\\Middleware\\ThrottleRequests.php(63): Illuminate\\Routing\\Middleware\\ThrottleRequests->handleRequest()
#10 C:\\Projects\\lara_dealer\\vendor\\laravel\\framework\\src\\Illuminate\\Pipeline\\Pipeline.php(167): Illuminate\\Routing\\Middleware\\ThrottleRequests->handle()
#11 C:\\Projects\\lara_dealer\\vendor\\laravel\\framework\\src\\Illuminate\\Pipeline\\Pipeline.php(103): Illuminate\\Pipeline\\Pipeline->Illuminate\\Pipeline\\{closure}()
#12 C:\\Projects\\lara_dealer\\vendor\\laravel\\framework\\src\\Illuminate\\Routing\\Router.php(695): Illuminate\\Pipeline\\Pipeline->then()
#13 C:\\Projects\\lara_dealer\\vendor\\laravel\\framework\\src\\Illuminate\\Routing\\Router.php(670): Illuminate\\Routing\\Router->runRouteWithinStack()
#14 C:\\Projects\\lara_dealer\\vendor\\laravel\\framework\\src\\Illuminate\\Routing\\Router.php(636): Illuminate\\Routing\\Router->runRoute()
#15 C:\\Projects\\lara_dealer\\vendor\\laravel\\framework\\src\\Illuminate\\Routing\\Router.php(625): Illuminate\\Routing\\Router->dispatchToRoute()
#16 C:\\Projects\\lara_dealer\\vendor\\laravel\\framework\\src\\Illuminate\\Foundation\\Http\\Kernel.php(166): Illuminate\\Routing\\Router->dispatch()
#17 C:\\Projects\\lara_dealer\\vendor\\laravel\\framework\\src\\Illuminate\\Pipeline\\Pipeline.php(128): Illuminate\\Foundation\\Http\\Kernel->Illuminate\\Foundation\\Http\\{closure}()
#18 C:\\Projects\\lara_dealer\\app\\Http\\Middleware\\Cors.php(18): Illuminate\\Pipeline\\Pipeline->Illuminate\\Pipeline\\{closure}()
#19 C:\\Projects\\lara_dealer\\vendor\\laravel\\framework\\src\\Illuminate\\Pipeline\\Pipeline.php(167): App\\Http\\Middleware\\Cors->handle()
#20 C:\\Projects\\lara_dealer\\vendor\\laravel\\framework\\src\\Illuminate\\Foundation\\Http\\Middleware\\TransformsRequest.php(21): Illuminate\\Pipeline\\Pipeline->Illuminate\\Pipeline\\{closure}()
#21 C:\\Projects\\lara_dealer\\vendor\\laravel\\framework\\src\\Illuminate\\Pipeline\\Pipeline.php(167): Illuminate\\Foundation\\Http\\Middleware\\TransformsRequest->handle()
#22 C:\\Projects\\lara_dealer\\vendor\\laravel\\framework\\src\\Illuminate\\Foundation\\Http\\Middleware\\TransformsRequest.php(21): Illuminate\\Pipeline\\Pipeline->Illuminate\\Pipeline\\{closure}()
#23 C:\\Projects\\lara_dealer\\vendor\\laravel\\framework\\src\\Illuminate\\Pipeline\\Pipeline.php(167): Illuminate\\Foundation\\Http\\Middleware\\TransformsRequest->handle()
#24 C:\\Projects\\lara_dealer\\vendor\\laravel\\framework\\src\\Illuminate\\Foundation\\Http\\Middleware\\ValidatePostSize.php(27): Illuminate\\Pipeline\\Pipeline->Illuminate\\Pipeline\\{closure}()
#25 C:\\Projects\\lara_dealer\\vendor\\laravel\\framework\\src\\Illuminate\\Pipeline\\Pipeline.php(167): Illuminate\\Foundation\\Http\\Middleware\\ValidatePostSize->handle()
#26 C:\\Projects\\lara_dealer\\vendor\\laravel\\framework\\src\\Illuminate\\Foundation\\Http\\Middleware\\PreventRequestsDuringMaintenance.php(86): Illuminate\\Pipeline\\Pipeline->Illuminate\\Pipeline\\{closure}()
#27 C:\\Projects\\lara_dealer\\vendor\\laravel\\framework\\src\\Illuminate\\Pipeline\\Pipeline.php(167): Illuminate\\Foundation\\Http\\Middleware\\PreventRequestsDuringMaintenance->handle()
#28 C:\\Projects\\lara_dealer\\vendor\\fideloper\\proxy\\src\\TrustProxies.php(57): Illuminate\\Pipeline\\Pipeline->Illuminate\\Pipeline\\{closure}()
#29 C:\\Projects\\lara_dealer\\vendor\\laravel\\framework\\src\\Illuminate\\Pipeline\\Pipeline.php(167): Fideloper\\Proxy\\TrustProxies->handle()
#30 C:\\Projects\\lara_dealer\\vendor\\laravel\\framework\\src\\Illuminate\\Pipeline\\Pipeline.php(103): Illuminate\\Pipeline\\Pipeline->Illuminate\\Pipeline\\{closure}()
#31 C:\\Projects\\lara_dealer\\vendor\\laravel\\framework\\src\\Illuminate\\Foundation\\Http\\Kernel.php(141): Illuminate\\Pipeline\\Pipeline->then()
#32 C:\\Projects\\lara_dealer\\vendor\\laravel\\framework\\src\\Illuminate\\Foundation\\Http\\Kernel.php(110): Illuminate\\Foundation\\Http\\Kernel->sendRequestThroughRouter()
#33 C:\\Projects\\lara_dealer\\public\\index.php(52): Illuminate\\Foundation\\Http\\Kernel->handle()
#34 C:\\Projects\\lara_dealer\\server.php(21): require_once('C:\\\\Projects\\\\lar...')
#35 {main}
"} 
[2021-04-29 10:43:24] local.ERROR: Argument 1 passed to Illuminate\Mail\PendingMail::queue() must be an instance of Illuminate\Contracts\Mail\Mailable, string given, called in C:\Projects\lara_dealer\app\Http\Controllers\ProviderController.php on line 39 {"userId":1,"exception":"[object] (TypeError(code: 0): Argument 1 passed to Illuminate\\Mail\\PendingMail::queue() must be an instance of Illuminate\\Contracts\\Mail\\Mailable, string given, called in C:\\Projects\\lara_dealer\\app\\Http\\Controllers\\ProviderController.php on line 39 at C:\\Projects\\lara_dealer\\vendor\\laravel\\framework\\src\\Illuminate\\Mail\\PendingMail.php:130)
[stacktrace]
#0 C:\\Projects\\lara_dealer\\app\\Http\\Controllers\\ProviderController.php(39): Illuminate\\Mail\\PendingMail->queue()
#1 C:\\Projects\\lara_dealer\\vendor\\laravel\\framework\\src\\Illuminate\\Routing\\Controller.php(54): App\\Http\\Controllers\\ProviderController->sendMailsByQueue()
#2 C:\\Projects\\lara_dealer\\vendor\\laravel\\framework\\src\\Illuminate\\Routing\\ControllerDispatcher.php(45): Illuminate\\Routing\\Controller->callAction()
#3 C:\\Projects\\lara_dealer\\vendor\\laravel\\framework\\src\\Illuminate\\Routing\\Route.php(254): Illuminate\\Routing\\ControllerDispatcher->dispatch()
#4 C:\\Projects\\lara_dealer\\vendor\\laravel\\framework\\src\\Illuminate\\Routing\\Route.php(197): Illuminate\\Routing\\Route->runController()
#5 C:\\Projects\\lara_dealer\\vendor\\laravel\\framework\\src\\Illuminate\\Routing\\Router.php(693): Illuminate\\Routing\\Route->run()
#6 C:\\Projects\\lara_dealer\\vendor\\laravel\\framework\\src\\Illuminate\\Pipeline\\Pipeline.php(128): Illuminate\\Routing\\Router->Illuminate\\Routing\\{closure}()
#7 C:\\Projects\\lara_dealer\\vendor\\laravel\\framework\\src\\Illuminate\\Routing\\Middleware\\SubstituteBindings.php(50): Illuminate\\Pipeline\\Pipeline->Illuminate\\Pipeline\\{closure}()
#8 C:\\Projects\\lara_dealer\\vendor\\laravel\\framework\\src\\Illuminate\\Pipeline\\Pipeline.php(167): Illuminate\\Routing\\Middleware\\SubstituteBindings->handle()
#9 C:\\Projects\\lara_dealer\\vendor\\laravel\\framework\\src\\Illuminate\\Routing\\Middleware\\ThrottleRequests.php(127): Illuminate\\Pipeline\\Pipeline->Illuminate\\Pipeline\\{closure}()
#10 C:\\Projects\\lara_dealer\\vendor\\laravel\\framework\\src\\Illuminate\\Routing\\Middleware\\ThrottleRequests.php(63): Illuminate\\Routing\\Middleware\\ThrottleRequests->handleRequest()
#11 C:\\Projects\\lara_dealer\\vendor\\laravel\\framework\\src\\Illuminate\\Pipeline\\Pipeline.php(167): Illuminate\\Routing\\Middleware\\ThrottleRequests->handle()
#12 C:\\Projects\\lara_dealer\\vendor\\laravel\\framework\\src\\Illuminate\\Pipeline\\Pipeline.php(103): Illuminate\\Pipeline\\Pipeline->Illuminate\\Pipeline\\{closure}()
#13 C:\\Projects\\lara_dealer\\vendor\\laravel\\framework\\src\\Illuminate\\Routing\\Router.php(695): Illuminate\\Pipeline\\Pipeline->then()
#14 C:\\Projects\\lara_dealer\\vendor\\laravel\\framework\\src\\Illuminate\\Routing\\Router.php(670): Illuminate\\Routing\\Router->runRouteWithinStack()
#15 C:\\Projects\\lara_dealer\\vendor\\laravel\\framework\\src\\Illuminate\\Routing\\Router.php(636): Illuminate\\Routing\\Router->runRoute()
#16 C:\\Projects\\lara_dealer\\vendor\\laravel\\framework\\src\\Illuminate\\Routing\\Router.php(625): Illuminate\\Routing\\Router->dispatchToRoute()
#17 C:\\Projects\\lara_dealer\\vendor\\laravel\\framework\\src\\Illuminate\\Foundation\\Http\\Kernel.php(166): Illuminate\\Routing\\Router->dispatch()
#18 C:\\Projects\\lara_dealer\\vendor\\laravel\\framework\\src\\Illuminate\\Pipeline\\Pipeline.php(128): Illuminate\\Foundation\\Http\\Kernel->Illuminate\\Foundation\\Http\\{closure}()
#19 C:\\Projects\\lara_dealer\\app\\Http\\Middleware\\Cors.php(18): Illuminate\\Pipeline\\Pipeline->Illuminate\\Pipeline\\{closure}()
#20 C:\\Projects\\lara_dealer\\vendor\\laravel\\framework\\src\\Illuminate\\Pipeline\\Pipeline.php(167): App\\Http\\Middleware\\Cors->handle()
#21 C:\\Projects\\lara_dealer\\vendor\\laravel\\framework\\src\\Illuminate\\Foundation\\Http\\Middleware\\TransformsRequest.php(21): Illuminate\\Pipeline\\Pipeline->Illuminate\\Pipeline\\{closure}()
#22 C:\\Projects\\lara_dealer\\vendor\\laravel\\framework\\src\\Illuminate\\Pipeline\\Pipeline.php(167): Illuminate\\Foundation\\Http\\Middleware\\TransformsRequest->handle()
#23 C:\\Projects\\lara_dealer\\vendor\\laravel\\framework\\src\\Illuminate\\Foundation\\Http\\Middleware\\TransformsRequest.php(21): Illuminate\\Pipeline\\Pipeline->Illuminate\\Pipeline\\{closure}()
#24 C:\\Projects\\lara_dealer\\vendor\\laravel\\framework\\src\\Illuminate\\Pipeline\\Pipeline.php(167): Illuminate\\Foundation\\Http\\Middleware\\TransformsRequest->handle()
#25 C:\\Projects\\lara_dealer\\vendor\\laravel\\framework\\src\\Illuminate\\Foundation\\Http\\Middleware\\ValidatePostSize.php(27): Illuminate\\Pipeline\\Pipeline->Illuminate\\Pipeline\\{closure}()
#26 C:\\Projects\\lara_dealer\\vendor\\laravel\\framework\\src\\Illuminate\\Pipeline\\Pipeline.php(167): Illuminate\\Foundation\\Http\\Middleware\\ValidatePostSize->handle()
#27 C:\\Projects\\lara_dealer\\vendor\\laravel\\framework\\src\\Illuminate\\Foundation\\Http\\Middleware\\PreventRequestsDuringMaintenance.php(86): Illuminate\\Pipeline\\Pipeline->Illuminate\\Pipeline\\{closure}()
#28 C:\\Projects\\lara_dealer\\vendor\\laravel\\framework\\src\\Illuminate\\Pipeline\\Pipeline.php(167): Illuminate\\Foundation\\Http\\Middleware\\PreventRequestsDuringMaintenance->handle()
#29 C:\\Projects\\lara_dealer\\vendor\\fideloper\\proxy\\src\\TrustProxies.php(57): Illuminate\\Pipeline\\Pipeline->Illuminate\\Pipeline\\{closure}()
#30 C:\\Projects\\lara_dealer\\vendor\\laravel\\framework\\src\\Illuminate\\Pipeline\\Pipeline.php(167): Fideloper\\Proxy\\TrustProxies->handle()
#31 C:\\Projects\\lara_dealer\\vendor\\laravel\\framework\\src\\Illuminate\\Pipeline\\Pipeline.php(103): Illuminate\\Pipeline\\Pipeline->Illuminate\\Pipeline\\{closure}()
#32 C:\\Projects\\lara_dealer\\vendor\\laravel\\framework\\src\\Illuminate\\Foundation\\Http\\Kernel.php(141): Illuminate\\Pipeline\\Pipeline->then()
#33 C:\\Projects\\lara_dealer\\vendor\\laravel\\framework\\src\\Illuminate\\Foundation\\Http\\Kernel.php(110): Illuminate\\Foundation\\Http\\Kernel->sendRequestThroughRouter()
#34 C:\\Projects\\lara_dealer\\public\\index.php(52): Illuminate\\Foundation\\Http\\Kernel->handle()
#35 C:\\Projects\\lara_dealer\\server.php(21): require_once('C:\\\\Projects\\\\lar...')
#36 {main}
"} 
