[2021-03-15 18:13:50] local.ERROR: SQLSTATE[42S22]: Column not found: 1054 Unknown column 'external_id' in 'field list' (SQL: insert into `users` (`email`, `external_id`, `name`, `password`) values (admin@lara.ru, 0, admin, $2y$10$/wBo97n9f6U429xqBoKIFOnNXOI/4zvPLaOEGcPStVBg7FQHRL6Aa)) {"exception":"[object] (Illuminate\\Database\\QueryException(code: 42S22): SQLSTATE[42S22]: Column not found: 1054 Unknown column 'external_id' in 'field list' (SQL: insert into `users` (`email`, `external_id`, `name`, `password`) values (admin@lara.ru, 0, admin, $2y$10$/wBo97n9f6U429xqBoKIFOnNXOI/4zvPLaOEGcPStVBg7FQHRL6Aa)) at D:\\Projects\\lara_dealer\\vendor\\laravel\\framework\\src\\Illuminate\\Database\\Connection.php:678)
[stacktrace]
#0 D:\\Projects\\lara_dealer\\vendor\\laravel\\framework\\src\\Illuminate\\Database\\Connection.php(638): Illuminate\\Database\\Connection->runQueryCallback()
#1 D:\\Projects\\lara_dealer\\vendor\\laravel\\framework\\src\\Illuminate\\Database\\Connection.php(472): Illuminate\\Database\\Connection->run()
#2 D:\\Projects\\lara_dealer\\vendor\\laravel\\framework\\src\\Illuminate\\Database\\Connection.php(424): Illuminate\\Database\\Connection->statement()
#3 D:\\Projects\\lara_dealer\\vendor\\laravel\\framework\\src\\Illuminate\\Database\\Query\\Builder.php(2828): Illuminate\\Database\\Connection->insert()
#4 D:\\Projects\\lara_dealer\\database\\seeders\\UsersTableSeeder.php(22): Illuminate\\Database\\Query\\Builder->insert()
#5 D:\\Projects\\lara_dealer\\vendor\\laravel\\framework\\src\\Illuminate\\Container\\BoundMethod.php(36): Database\\Seeders\\UsersTableSeeder->run()
#6 D:\\Projects\\lara_dealer\\vendor\\laravel\\framework\\src\\Illuminate\\Container\\Util.php(40): Illuminate\\Container\\BoundMethod::Illuminate\\Container\\{closure}()
#7 D:\\Projects\\lara_dealer\\vendor\\laravel\\framework\\src\\Illuminate\\Container\\BoundMethod.php(93): Illuminate\\Container\\Util::unwrapIfClosure()
#8 D:\\Projects\\lara_dealer\\vendor\\laravel\\framework\\src\\Illuminate\\Container\\BoundMethod.php(37): Illuminate\\Container\\BoundMethod::callBoundMethod()
#9 D:\\Projects\\lara_dealer\\vendor\\laravel\\framework\\src\\Illuminate\\Container\\Container.php(610): Illuminate\\Container\\BoundMethod::call()
#10 D:\\Projects\\lara_dealer\\vendor\\laravel\\framework\\src\\Illuminate\\Database\\Seeder.php(149): Illuminate\\Container\\Container->call()
#11 D:\\Projects\\lara_dealer\\vendor\\laravel\\framework\\src\\Illuminate\\Database\\Seeder.php(49): Illuminate\\Database\\Seeder->__invoke()
#12 D:\\Projects\\lara_dealer\\database\\seeders\\DatabaseSeeder.php(14): Illuminate\\Database\\Seeder->call()
#13 D:\\Projects\\lara_dealer\\vendor\\laravel\\framework\\src\\Illuminate\\Container\\BoundMethod.php(36): Database\\Seeders\\DatabaseSeeder->run()
#14 D:\\Projects\\lara_dealer\\vendor\\laravel\\framework\\src\\Illuminate\\Container\\Util.php(40): Illuminate\\Container\\BoundMethod::Illuminate\\Container\\{closure}()
#15 D:\\Projects\\lara_dealer\\vendor\\laravel\\framework\\src\\Illuminate\\Container\\BoundMethod.php(93): Illuminate\\Container\\Util::unwrapIfClosure()
#16 D:\\Projects\\lara_dealer\\vendor\\laravel\\framework\\src\\Illuminate\\Container\\BoundMethod.php(37): Illuminate\\Container\\BoundMethod::callBoundMethod()
#17 D:\\Projects\\lara_dealer\\vendor\\laravel\\framework\\src\\Illuminate\\Container\\Container.php(610): Illuminate\\Container\\BoundMethod::call()
#18 D:\\Projects\\lara_dealer\\vendor\\laravel\\framework\\src\\Illuminate\\Database\\Seeder.php(149): Illuminate\\Container\\Container->call()
#19 D:\\Projects\\lara_dealer\\vendor\\laravel\\framework\\src\\Illuminate\\Database\\Console\\Seeds\\SeedCommand.php(65): Illuminate\\Database\\Seeder->__invoke()
#20 D:\\Projects\\lara_dealer\\vendor\\laravel\\framework\\src\\Illuminate\\Database\\Eloquent\\Concerns\\GuardsAttributes.php(157): Illuminate\\Database\\Console\\Seeds\\SeedCommand->Illuminate\\Database\\Console\\Seeds\\{closure}()
#21 D:\\Projects\\lara_dealer\\vendor\\laravel\\framework\\src\\Illuminate\\Database\\Console\\Seeds\\SeedCommand.php(66): Illuminate\\Database\\Eloquent\\Model::unguarded()
#22 D:\\Projects\\lara_dealer\\vendor\\laravel\\framework\\src\\Illuminate\\Container\\BoundMethod.php(36): Illuminate\\Database\\Console\\Seeds\\SeedCommand->handle()
#23 D:\\Projects\\lara_dealer\\vendor\\laravel\\framework\\src\\Illuminate\\Container\\Util.php(40): Illuminate\\Container\\BoundMethod::Illuminate\\Container\\{closure}()
#24 D:\\Projects\\lara_dealer\\vendor\\laravel\\framework\\src\\Illuminate\\Container\\BoundMethod.php(93): Illuminate\\Container\\Util::unwrapIfClosure()
#25 D:\\Projects\\lara_dealer\\vendor\\laravel\\framework\\src\\Illuminate\\Container\\BoundMethod.php(37): Illuminate\\Container\\BoundMethod::callBoundMethod()
#26 D:\\Projects\\lara_dealer\\vendor\\laravel\\framework\\src\\Illuminate\\Container\\Container.php(610): Illuminate\\Container\\BoundMethod::call()
#27 D:\\Projects\\lara_dealer\\vendor\\laravel\\framework\\src\\Illuminate\\Console\\Command.php(136): Illuminate\\Container\\Container->call()
#28 D:\\Projects\\lara_dealer\\vendor\\symfony\\console\\Command\\Command.php(255): Illuminate\\Console\\Command->execute()
#29 D:\\Projects\\lara_dealer\\vendor\\laravel\\framework\\src\\Illuminate\\Console\\Command.php(121): Symfony\\Component\\Console\\Command\\Command->run()
#30 D:\\Projects\\lara_dealer\\vendor\\symfony\\console\\Application.php(971): Illuminate\\Console\\Command->run()
#31 D:\\Projects\\lara_dealer\\vendor\\symfony\\console\\Application.php(290): Symfony\\Component\\Console\\Application->doRunCommand()
#32 D:\\Projects\\lara_dealer\\vendor\\symfony\\console\\Application.php(166): Symfony\\Component\\Console\\Application->doRun()
#33 D:\\Projects\\lara_dealer\\vendor\\laravel\\framework\\src\\Illuminate\\Console\\Application.php(93): Symfony\\Component\\Console\\Application->run()
#34 D:\\Projects\\lara_dealer\\vendor\\laravel\\framework\\src\\Illuminate\\Foundation\\Console\\Kernel.php(129): Illuminate\\Console\\Application->run()
#35 D:\\Projects\\lara_dealer\\artisan(37): Illuminate\\Foundation\\Console\\Kernel->handle()
#36 {main}

[previous exception] [object] (PDOException(code: 42S22): SQLSTATE[42S22]: Column not found: 1054 Unknown column 'external_id' in 'field list' at D:\\Projects\\lara_dealer\\vendor\\laravel\\framework\\src\\Illuminate\\Database\\Connection.php:465)
[stacktrace]
#0 D:\\Projects\\lara_dealer\\vendor\\laravel\\framework\\src\\Illuminate\\Database\\Connection.php(465): PDO->prepare()
#1 D:\\Projects\\lara_dealer\\vendor\\laravel\\framework\\src\\Illuminate\\Database\\Connection.php(671): Illuminate\\Database\\Connection->Illuminate\\Database\\{closure}()
#2 D:\\Projects\\lara_dealer\\vendor\\laravel\\framework\\src\\Illuminate\\Database\\Connection.php(638): Illuminate\\Database\\Connection->runQueryCallback()
#3 D:\\Projects\\lara_dealer\\vendor\\laravel\\framework\\src\\Illuminate\\Database\\Connection.php(472): Illuminate\\Database\\Connection->run()
#4 D:\\Projects\\lara_dealer\\vendor\\laravel\\framework\\src\\Illuminate\\Database\\Connection.php(424): Illuminate\\Database\\Connection->statement()
#5 D:\\Projects\\lara_dealer\\vendor\\laravel\\framework\\src\\Illuminate\\Database\\Query\\Builder.php(2828): Illuminate\\Database\\Connection->insert()
#6 D:\\Projects\\lara_dealer\\database\\seeders\\UsersTableSeeder.php(22): Illuminate\\Database\\Query\\Builder->insert()
#7 D:\\Projects\\lara_dealer\\vendor\\laravel\\framework\\src\\Illuminate\\Container\\BoundMethod.php(36): Database\\Seeders\\UsersTableSeeder->run()
#8 D:\\Projects\\lara_dealer\\vendor\\laravel\\framework\\src\\Illuminate\\Container\\Util.php(40): Illuminate\\Container\\BoundMethod::Illuminate\\Container\\{closure}()
#9 D:\\Projects\\lara_dealer\\vendor\\laravel\\framework\\src\\Illuminate\\Container\\BoundMethod.php(93): Illuminate\\Container\\Util::unwrapIfClosure()
#10 D:\\Projects\\lara_dealer\\vendor\\laravel\\framework\\src\\Illuminate\\Container\\BoundMethod.php(37): Illuminate\\Container\\BoundMethod::callBoundMethod()
#11 D:\\Projects\\lara_dealer\\vendor\\laravel\\framework\\src\\Illuminate\\Container\\Container.php(610): Illuminate\\Container\\BoundMethod::call()
#12 D:\\Projects\\lara_dealer\\vendor\\laravel\\framework\\src\\Illuminate\\Database\\Seeder.php(149): Illuminate\\Container\\Container->call()
#13 D:\\Projects\\lara_dealer\\vendor\\laravel\\framework\\src\\Illuminate\\Database\\Seeder.php(49): Illuminate\\Database\\Seeder->__invoke()
#14 D:\\Projects\\lara_dealer\\database\\seeders\\DatabaseSeeder.php(14): Illuminate\\Database\\Seeder->call()
#15 D:\\Projects\\lara_dealer\\vendor\\laravel\\framework\\src\\Illuminate\\Container\\BoundMethod.php(36): Database\\Seeders\\DatabaseSeeder->run()
#16 D:\\Projects\\lara_dealer\\vendor\\laravel\\framework\\src\\Illuminate\\Container\\Util.php(40): Illuminate\\Container\\BoundMethod::Illuminate\\Container\\{closure}()
#17 D:\\Projects\\lara_dealer\\vendor\\laravel\\framework\\src\\Illuminate\\Container\\BoundMethod.php(93): Illuminate\\Container\\Util::unwrapIfClosure()
#18 D:\\Projects\\lara_dealer\\vendor\\laravel\\framework\\src\\Illuminate\\Container\\BoundMethod.php(37): Illuminate\\Container\\BoundMethod::callBoundMethod()
#19 D:\\Projects\\lara_dealer\\vendor\\laravel\\framework\\src\\Illuminate\\Container\\Container.php(610): Illuminate\\Container\\BoundMethod::call()
#20 D:\\Projects\\lara_dealer\\vendor\\laravel\\framework\\src\\Illuminate\\Database\\Seeder.php(149): Illuminate\\Container\\Container->call()
#21 D:\\Projects\\lara_dealer\\vendor\\laravel\\framework\\src\\Illuminate\\Database\\Console\\Seeds\\SeedCommand.php(65): Illuminate\\Database\\Seeder->__invoke()
#22 D:\\Projects\\lara_dealer\\vendor\\laravel\\framework\\src\\Illuminate\\Database\\Eloquent\\Concerns\\GuardsAttributes.php(157): Illuminate\\Database\\Console\\Seeds\\SeedCommand->Illuminate\\Database\\Console\\Seeds\\{closure}()
#23 D:\\Projects\\lara_dealer\\vendor\\laravel\\framework\\src\\Illuminate\\Database\\Console\\Seeds\\SeedCommand.php(66): Illuminate\\Database\\Eloquent\\Model::unguarded()
#24 D:\\Projects\\lara_dealer\\vendor\\laravel\\framework\\src\\Illuminate\\Container\\BoundMethod.php(36): Illuminate\\Database\\Console\\Seeds\\SeedCommand->handle()
#25 D:\\Projects\\lara_dealer\\vendor\\laravel\\framework\\src\\Illuminate\\Container\\Util.php(40): Illuminate\\Container\\BoundMethod::Illuminate\\Container\\{closure}()
#26 D:\\Projects\\lara_dealer\\vendor\\laravel\\framework\\src\\Illuminate\\Container\\BoundMethod.php(93): Illuminate\\Container\\Util::unwrapIfClosure()
#27 D:\\Projects\\lara_dealer\\vendor\\laravel\\framework\\src\\Illuminate\\Container\\BoundMethod.php(37): Illuminate\\Container\\BoundMethod::callBoundMethod()
#28 D:\\Projects\\lara_dealer\\vendor\\laravel\\framework\\src\\Illuminate\\Container\\Container.php(610): Illuminate\\Container\\BoundMethod::call()
#29 D:\\Projects\\lara_dealer\\vendor\\laravel\\framework\\src\\Illuminate\\Console\\Command.php(136): Illuminate\\Container\\Container->call()
#30 D:\\Projects\\lara_dealer\\vendor\\symfony\\console\\Command\\Command.php(255): Illuminate\\Console\\Command->execute()
#31 D:\\Projects\\lara_dealer\\vendor\\laravel\\framework\\src\\Illuminate\\Console\\Command.php(121): Symfony\\Component\\Console\\Command\\Command->run()
#32 D:\\Projects\\lara_dealer\\vendor\\symfony\\console\\Application.php(971): Illuminate\\Console\\Command->run()
#33 D:\\Projects\\lara_dealer\\vendor\\symfony\\console\\Application.php(290): Symfony\\Component\\Console\\Application->doRunCommand()
#34 D:\\Projects\\lara_dealer\\vendor\\symfony\\console\\Application.php(166): Symfony\\Component\\Console\\Application->doRun()
#35 D:\\Projects\\lara_dealer\\vendor\\laravel\\framework\\src\\Illuminate\\Console\\Application.php(93): Symfony\\Component\\Console\\Application->run()
#36 D:\\Projects\\lara_dealer\\vendor\\laravel\\framework\\src\\Illuminate\\Foundation\\Console\\Kernel.php(129): Illuminate\\Console\\Application->run()
#37 D:\\Projects\\lara_dealer\\artisan(37): Illuminate\\Foundation\\Console\\Kernel->handle()
#38 {main}
"} 
